Fri, 06 Sep 2019 23:25:35 +0000 r3
Sat, 07 Sep 2019 00:52:30 +0000 r3
Sat, 07 Sep 2019 00:54:05 +0000 r3
Sat, 07 Sep 2019 17:56:54 +0000 r3
Tue, 10 Sep 2019 06:35:09 +0000 r3
Tue, 10 Sep 2019 06:45:09 +0000 r3
Tue, 10 Sep 2019 06:55:09 +0000 r3
Tue, 10 Sep 2019 07:05:10 +0000 r3
Tue, 10 Sep 2019 07:15:12 +0000 r3
Tue, 10 Sep 2019 07:25:09 +0000 r3
Tue, 10 Sep 2019 07:45:10 +0000 r3
Tue, 10 Sep 2019 07:55:12 +0000 r3
Tue, 10 Sep 2019 08:05:09 +0000 r3
Tue, 10 Sep 2019 08:15:09 +0000 r3
Tue, 10 Sep 2019 08:25:09 +0000 r3
Tue, 10 Sep 2019 08:35:09 +0000 r3
Tue, 10 Sep 2019 08:55:09 +0000 r3
Tue, 10 Sep 2019 09:05:10 +0000 r3
Tue, 10 Sep 2019 09:15:09 +0000 r3
Tue, 10 Sep 2019 09:25:09 +0000 r3
Tue, 10 Sep 2019 09:35:09 +0000 r3
Tue, 10 Sep 2019 09:45:10 +0000 r3
Tue, 10 Sep 2019 10:05:09 +0000 r3
Tue, 10 Sep 2019 10:15:10 +0000 r3
Tue, 10 Sep 2019 10:25:09 +0000 r3
Tue, 10 Sep 2019 10:35:09 +0000 r3
Tue, 10 Sep 2019 10:45:10 +0000 r3
Tue, 10 Sep 2019 10:55:09 +0000 r3
Tue, 10 Sep 2019 11:15:10 +0000 r3
Tue, 10 Sep 2019 11:25:09 +0000 r3
Tue, 10 Sep 2019 11:35:09 +0000 r3
Tue, 10 Sep 2019 11:45:09 +0000 r3
Tue, 10 Sep 2019 11:53:37 +0000 r3
Tue, 10 Sep 2019 11:55:09 +0000 r3
Tue, 10 Sep 2019 12:05:09 +0000 r3
Tue, 10 Sep 2019 12:25:09 +0000 r3
Tue, 10 Sep 2019 12:35:09 +0000 r3
Tue, 10 Sep 2019 12:45:09 +0000 r3
Tue, 10 Sep 2019 12:55:09 +0000 r3
Tue, 10 Sep 2019 13:05:09 +0000 r3
Tue, 10 Sep 2019 13:15:05 +0000 r3
Tue, 10 Sep 2019 13:15:06 +0000 r3
Tue, 10 Sep 2019 13:15:09 +0000 r3
Tue, 10 Sep 2019 13:17:41 +0000 r3
Tue, 10 Sep 2019 13:24:53 +0000 r3
Tue, 10 Sep 2019 13:35:09 +0000 r3
Tue, 10 Sep 2019 13:39:24 +0000 r3
Tue, 10 Sep 2019 13:45:09 +0000 r3
Tue, 10 Sep 2019 13:48:07 +0000 r3
Tue, 10 Sep 2019 13:55:09 +0000 r3
Tue, 10 Sep 2019 14:05:09 +0000 r3
Tue, 10 Sep 2019 14:15:09 +0000 r3
Tue, 10 Sep 2019 14:25:09 +0000 r3
Tue, 10 Sep 2019 14:45:09 +0000 r3
Tue, 10 Sep 2019 14:55:09 +0000 r3
Tue, 10 Sep 2019 15:05:09 +0000 r3
Tue, 10 Sep 2019 15:15:09 +0000 r3
Tue, 10 Sep 2019 15:25:09 +0000 r3
Tue, 10 Sep 2019 15:35:09 +0000 r3
Tue, 10 Sep 2019 15:55:09 +0000 r3
Tue, 10 Sep 2019 16:05:09 +0000 r3
Tue, 10 Sep 2019 16:15:09 +0000 r3
Tue, 10 Sep 2019 16:25:09 +0000 r3
Tue, 10 Sep 2019 16:35:09 +0000 r3
Tue, 10 Sep 2019 16:45:09 +0000 r3
Tue, 10 Sep 2019 17:05:09 +0000 r3
Tue, 10 Sep 2019 17:15:09 +0000 r3
Tue, 10 Sep 2019 17:25:09 +0000 r3
Tue, 10 Sep 2019 17:35:09 +0000 r3
Tue, 10 Sep 2019 17:45:10 +0000 r3
Tue, 10 Sep 2019 17:55:10 +0000 r3
Tue, 10 Sep 2019 18:15:10 +0000 r3
Tue, 10 Sep 2019 18:25:10 +0000 r3
Tue, 10 Sep 2019 18:35:09 +0000 r3
Tue, 10 Sep 2019 18:45:09 +0000 r3
Tue, 10 Sep 2019 18:55:09 +0000 r3
Tue, 10 Sep 2019 19:05:09 +0000 r3
Tue, 10 Sep 2019 19:25:09 +0000 r3
Tue, 10 Sep 2019 19:35:10 +0000 r3
Tue, 10 Sep 2019 19:45:10 +0000 r3
Tue, 10 Sep 2019 19:55:09 +0000 r3
Tue, 10 Sep 2019 20:05:09 +0000 r3
Tue, 10 Sep 2019 20:15:09 +0000 r3
Tue, 10 Sep 2019 20:16:05 +0000 r3
Tue, 10 Sep 2019 20:30:37 +0000 r3
Tue, 10 Sep 2019 20:35:09 +0000 r3
Tue, 10 Sep 2019 20:45:09 +0000 r3
Tue, 10 Sep 2019 20:55:09 +0000 r3
Tue, 10 Sep 2019 21:05:10 +0000 r3
Tue, 10 Sep 2019 21:11:45 +0000 r3
Tue, 10 Sep 2019 21:15:09 +0000 r3
Tue, 10 Sep 2019 21:25:09 +0000 r3
Tue, 10 Sep 2019 21:45:09 +0000 r3
Tue, 10 Sep 2019 21:55:09 +0000 r3
Tue, 10 Sep 2019 22:05:09 +0000 r3
Tue, 10 Sep 2019 22:15:09 +0000 r3
Tue, 10 Sep 2019 22:25:10 +0000 r3
Tue, 10 Sep 2019 22:35:09 +0000 r3
Tue, 10 Sep 2019 22:55:09 +0000 r3
Tue, 10 Sep 2019 23:05:09 +0000 r3
Tue, 10 Sep 2019 23:15:09 +0000 r3
Tue, 10 Sep 2019 23:25:09 +0000 r3
Tue, 10 Sep 2019 23:35:09 +0000 r3
Tue, 10 Sep 2019 23:45:10 +0000 r3
Wed, 11 Sep 2019 00:05:09 +0000 r3
Wed, 11 Sep 2019 00:15:09 +0000 r3
Wed, 11 Sep 2019 00:25:09 +0000 r3
Wed, 11 Sep 2019 00:35:09 +0000 r3
Wed, 11 Sep 2019 00:45:09 +0000 r3
Wed, 11 Sep 2019 00:55:09 +0000 r3
Wed, 11 Sep 2019 01:15:09 +0000 r3
Wed, 11 Sep 2019 01:25:09 +0000 r3
Wed, 11 Sep 2019 01:35:10 +0000 r3
Wed, 11 Sep 2019 01:45:10 +0000 r3
Wed, 11 Sep 2019 01:55:09 +0000 r3
Wed, 11 Sep 2019 02:05:09 +0000 r3
Wed, 11 Sep 2019 02:25:09 +0000 r3
Wed, 11 Sep 2019 02:35:09 +0000 r3
Wed, 11 Sep 2019 02:45:09 +0000 r3
Wed, 11 Sep 2019 02:55:09 +0000 r3
Wed, 11 Sep 2019 03:05:09 +0000 r3
Wed, 11 Sep 2019 03:15:09 +0000 r3
Wed, 11 Sep 2019 03:35:09 +0000 r3
Wed, 11 Sep 2019 03:45:09 +0000 r3
Wed, 11 Sep 2019 03:55:09 +0000 r3
Wed, 11 Sep 2019 04:05:09 +0000 r3
Wed, 11 Sep 2019 04:15:09 +0000 r3
Wed, 11 Sep 2019 04:25:09 +0000 r3
Wed, 11 Sep 2019 04:45:09 +0000 r3
Wed, 11 Sep 2019 04:55:09 +0000 r3
Wed, 11 Sep 2019 05:05:09 +0000 r3
Wed, 11 Sep 2019 05:15:09 +0000 r3
Wed, 11 Sep 2019 05:25:12 +0000 r3
Wed, 11 Sep 2019 05:35:09 +0000 r3
Wed, 11 Sep 2019 05:55:09 +0000 r3
Wed, 11 Sep 2019 06:02:17 +0000 r3
Wed, 11 Sep 2019 06:05:09 +0000 r3
Wed, 11 Sep 2019 06:15:09 +0000 r3
Wed, 11 Sep 2019 06:18:43 +0000 r3
Wed, 11 Sep 2019 06:18:47 +0000 r3
Wed, 11 Sep 2019 06:18:58 +0000 r3
Wed, 11 Sep 2019 06:25:09 +0000 r3
Wed, 11 Sep 2019 06:35:09 +0000 r3
Wed, 11 Sep 2019 06:45:09 +0000 r3
Wed, 11 Sep 2019 07:05:09 +0000 r3
Wed, 11 Sep 2019 07:15:09 +0000 r3
Wed, 11 Sep 2019 07:25:09 +0000 r3
Wed, 11 Sep 2019 07:35:09 +0000 r3
Wed, 11 Sep 2019 07:45:09 +0000 r3
Wed, 11 Sep 2019 07:55:08 +0000 r3
Wed, 11 Sep 2019 08:15:09 +0000 r3
Wed, 11 Sep 2019 08:25:09 +0000 r3
Wed, 11 Sep 2019 08:35:09 +0000 r3
Wed, 11 Sep 2019 08:45:09 +0000 r3
Wed, 11 Sep 2019 08:55:09 +0000 r3
Wed, 11 Sep 2019 09:05:09 +0000 r3
Wed, 11 Sep 2019 09:25:09 +0000 r3
Wed, 11 Sep 2019 09:35:08 +0000 r3
Wed, 11 Sep 2019 09:45:09 +0000 r3
Wed, 11 Sep 2019 09:55:09 +0000 r3
Wed, 11 Sep 2019 10:05:09 +0000 r3
Wed, 11 Sep 2019 10:15:10 +0000 r3
Wed, 11 Sep 2019 10:35:09 +0000 r3
Wed, 11 Sep 2019 10:45:09 +0000 r3
Wed, 11 Sep 2019 10:51:35 +0000 r3
Wed, 11 Sep 2019 10:55:09 +0000 r3
Wed, 11 Sep 2019 11:05:08 +0000 r3
Wed, 11 Sep 2019 11:15:09 +0000 r3
Wed, 11 Sep 2019 11:25:09 +0000 r3
Wed, 11 Sep 2019 11:45:09 +0000 r3
Wed, 11 Sep 2019 11:55:09 +0000 r3
Wed, 11 Sep 2019 12:05:09 +0000 r3
Wed, 11 Sep 2019 12:15:08 +0000 r3
Wed, 11 Sep 2019 12:25:08 +0000 r3
Wed, 11 Sep 2019 12:35:09 +0000 r3
Wed, 11 Sep 2019 12:45:09 +0000 r3
Wed, 11 Sep 2019 12:55:09 +0000 r3
Wed, 11 Sep 2019 13:05:08 +0000 r3
Wed, 11 Sep 2019 13:15:08 +0000 r3
Wed, 11 Sep 2019 13:25:09 +0000 r3
Wed, 11 Sep 2019 13:35:09 +0000 r3
Wed, 11 Sep 2019 13:55:09 +0000 r3
Wed, 11 Sep 2019 14:05:09 +0000 r3
Wed, 11 Sep 2019 14:15:09 +0000 r3
Wed, 11 Sep 2019 14:25:08 +0000 r3
Wed, 11 Sep 2019 14:35:08 +0000 r3
Wed, 11 Sep 2019 14:45:09 +0000 r3
Wed, 11 Sep 2019 15:05:12 +0000 r3
Wed, 11 Sep 2019 15:15:09 +0000 r3
Wed, 11 Sep 2019 15:25:09 +0000 r3
Wed, 11 Sep 2019 15:35:09 +0000 r3
Wed, 11 Sep 2019 15:45:09 +0000 r3
Wed, 11 Sep 2019 15:55:08 +0000 r3
Wed, 11 Sep 2019 16:12:40 +0000 r3
Wed, 11 Sep 2019 16:15:08 +0000 r3
Wed, 11 Sep 2019 16:25:08 +0000 r3
Wed, 11 Sep 2019 16:35:08 +0000 r3
Wed, 11 Sep 2019 16:45:10 +0000 r3
Wed, 11 Sep 2019 16:55:10 +0000 r3
Wed, 11 Sep 2019 17:05:10 +0000 r3
Wed, 11 Sep 2019 17:25:10 +0000 r3
Wed, 11 Sep 2019 17:35:09 +0000 r3
Wed, 11 Sep 2019 17:45:10 +0000 r3
Wed, 11 Sep 2019 17:55:10 +0000 r3
Wed, 11 Sep 2019 18:05:10 +0000 r3
Wed, 11 Sep 2019 18:15:10 +0000 r3
Wed, 11 Sep 2019 18:35:10 +0000 r3
Wed, 11 Sep 2019 18:45:10 +0000 r3
Wed, 11 Sep 2019 18:55:10 +0000 r3
Wed, 11 Sep 2019 19:05:09 +0000 r3
Wed, 11 Sep 2019 19:06:05 +0000 r3
Wed, 11 Sep 2019 19:15:10 +0000 r3
Wed, 11 Sep 2019 19:25:10 +0000 r3
Wed, 11 Sep 2019 19:45:10 +0000 r3
Wed, 11 Sep 2019 19:55:10 +0000 r3
Wed, 11 Sep 2019 20:05:10 +0000 r3
Wed, 11 Sep 2019 20:15:10 +0000 r3
Wed, 11 Sep 2019 20:25:09 +0000 r3
Wed, 11 Sep 2019 20:35:10 +0000 r3
Wed, 11 Sep 2019 20:55:10 +0000 r3
Wed, 11 Sep 2019 21:05:10 +0000 r3
Wed, 11 Sep 2019 21:15:10 +0000 r3
Wed, 11 Sep 2019 21:25:10 +0000 r3
Wed, 11 Sep 2019 21:35:10 +0000 r3
Wed, 11 Sep 2019 21:45:09 +0000 r3
Wed, 11 Sep 2019 22:05:09 +0000 r3
Wed, 11 Sep 2019 22:15:09 +0000 r3
Wed, 11 Sep 2019 22:25:10 +0000 r3
Wed, 11 Sep 2019 22:35:10 +0000 r3
Wed, 11 Sep 2019 22:45:10 +0000 r3
Wed, 11 Sep 2019 22:55:10 +0000 r3
Wed, 11 Sep 2019 23:15:10 +0000 r3
Wed, 11 Sep 2019 23:25:09 +0000 r3
Wed, 11 Sep 2019 23:35:09 +0000 r3
Wed, 11 Sep 2019 23:45:10 +0000 r3
Wed, 11 Sep 2019 23:55:10 +0000 r3
Thu, 12 Sep 2019 00:05:11 +0000 r3
Thu, 12 Sep 2019 00:25:09 +0000 r3
Thu, 12 Sep 2019 00:35:09 +0000 r3
Thu, 12 Sep 2019 00:45:10 +0000 r3
Thu, 12 Sep 2019 00:55:10 +0000 r3
Thu, 12 Sep 2019 01:05:10 +0000 r3
Thu, 12 Sep 2019 01:15:09 +0000 r3
Thu, 12 Sep 2019 01:35:10 +0000 r3
Thu, 12 Sep 2019 01:45:09 +0000 r3
Thu, 12 Sep 2019 01:55:09 +0000 r3
Thu, 12 Sep 2019 02:05:10 +0000 r3
Thu, 12 Sep 2019 02:15:10 +0000 r3
Thu, 12 Sep 2019 02:25:10 +0000 r3
Thu, 12 Sep 2019 02:45:10 +0000 r3
Thu, 12 Sep 2019 02:55:10 +0000 r3
Thu, 12 Sep 2019 03:05:10 +0000 r3
Thu, 12 Sep 2019 03:15:10 +0000 r3
Thu, 12 Sep 2019 03:25:09 +0000 r3
Thu, 12 Sep 2019 03:35:09 +0000 r3
Thu, 12 Sep 2019 03:55:09 +0000 r3
Thu, 12 Sep 2019 04:05:09 +0000 r3
Thu, 12 Sep 2019 04:15:10 +0000 r3
Thu, 12 Sep 2019 04:25:10 +0000 r3
Thu, 12 Sep 2019 04:35:10 +0000 r3
Thu, 12 Sep 2019 04:45:09 +0000 r3
Thu, 12 Sep 2019 05:05:09 +0000 r3
Thu, 12 Sep 2019 05:15:09 +0000 r3
Thu, 12 Sep 2019 05:25:10 +0000 r3
Thu, 12 Sep 2019 05:35:10 +0000 r3
Thu, 12 Sep 2019 05:45:09 +0000 r3
Thu, 12 Sep 2019 05:55:09 +0000 r3
Thu, 12 Sep 2019 06:00:08 +0000 r3
Thu, 12 Sep 2019 06:15:09 +0000 r3
Thu, 12 Sep 2019 06:25:09 +0000 r3
Thu, 12 Sep 2019 06:35:10 +0000 r3
Thu, 12 Sep 2019 06:45:10 +0000 r3
Thu, 12 Sep 2019 06:51:56 +0000 r3
Thu, 12 Sep 2019 06:52:04 +0000 r3
Thu, 12 Sep 2019 06:55:10 +0000 r3
Thu, 12 Sep 2019 07:05:09 +0000 r3
Thu, 12 Sep 2019 07:25:10 +0000 r3
Thu, 12 Sep 2019 07:35:09 +0000 r3
Thu, 12 Sep 2019 07:45:09 +0000 r3
Thu, 12 Sep 2019 07:55:09 +0000 r3
Thu, 12 Sep 2019 08:05:10 +0000 r3
Thu, 12 Sep 2019 08:15:10 +0000 r3
Thu, 12 Sep 2019 08:28:26 +0000 r3
Thu, 12 Sep 2019 08:35:10 +0000 r3
Thu, 12 Sep 2019 08:37:49 +0000 r3
Thu, 12 Sep 2019 08:45:10 +0000 r3
Thu, 12 Sep 2019 08:55:09 +0000 r3
Thu, 12 Sep 2019 09:05:09 +0000 r3
Thu, 12 Sep 2019 09:15:09 +0000 r3
Thu, 12 Sep 2019 09:25:10 +0000 r3
Thu, 12 Sep 2019 09:45:09 +0000 r3
Thu, 12 Sep 2019 09:55:10 +0000 r3
Thu, 12 Sep 2019 10:05:10 +0000 r3
Thu, 12 Sep 2019 10:15:10 +0000 r3
Thu, 12 Sep 2019 10:25:09 +0000 r3
Thu, 12 Sep 2019 10:35:09 +0000 r3
Thu, 12 Sep 2019 10:55:09 +0000 r3
Thu, 12 Sep 2019 11:05:09 +0000 r3
Thu, 12 Sep 2019 11:15:10 +0000 r3
Thu, 12 Sep 2019 11:25:10 +0000 r3
Thu, 12 Sep 2019 11:35:09 +0000 r3
Thu, 12 Sep 2019 11:45:09 +0000 r3
Thu, 12 Sep 2019 12:05:09 +0000 r3
Thu, 12 Sep 2019 12:15:09 +0000 r3
Thu, 12 Sep 2019 12:25:09 +0000 r3
Thu, 12 Sep 2019 12:35:10 +0000 r3
Thu, 12 Sep 2019 12:45:09 +0000 r3
Thu, 12 Sep 2019 12:55:09 +0000 r3
Thu, 12 Sep 2019 13:15:09 +0000 r3
Thu, 12 Sep 2019 13:25:09 +0000 r3
Thu, 12 Sep 2019 13:35:09 +0000 r3
Thu, 12 Sep 2019 13:37:28 +0000 r3
Thu, 12 Sep 2019 13:37:30 +0000 r3
Thu, 12 Sep 2019 13:40:21 +0000 r3
Thu, 12 Sep 2019 13:45:09 +0000 r3
Thu, 12 Sep 2019 13:55:10 +0000 r3
Thu, 12 Sep 2019 14:05:09 +0000 r3
Thu, 12 Sep 2019 14:25:10 +0000 r3
Thu, 12 Sep 2019 14:35:09 +0000 r3
Thu, 12 Sep 2019 14:45:09 +0000 r3
Thu, 12 Sep 2019 14:55:09 +0000 r3
Thu, 12 Sep 2019 15:05:09 +0000 r3
Thu, 12 Sep 2019 15:15:09 +0000 r3
Thu, 12 Sep 2019 15:33:25 +0000 r3
Thu, 12 Sep 2019 15:35:09 +0000 r3
Thu, 12 Sep 2019 15:45:09 +0000 r3
Thu, 12 Sep 2019 15:55:09 +0000 r3
Thu, 12 Sep 2019 16:05:09 +0000 r3
Thu, 12 Sep 2019 16:09:33 +0000 r3
Thu, 12 Sep 2019 16:09:36 +0000 r3
Thu, 12 Sep 2019 16:15:09 +0000 r3
Thu, 12 Sep 2019 16:25:09 +0000 r3
Thu, 12 Sep 2019 16:45:09 +0000 r3
Thu, 12 Sep 2019 16:55:09 +0000 r3
Thu, 12 Sep 2019 17:05:09 +0000 r3
Thu, 12 Sep 2019 17:15:09 +0000 r3
Thu, 12 Sep 2019 17:25:09 +0000 r3
Thu, 12 Sep 2019 17:35:09 +0000 r3
Thu, 12 Sep 2019 17:44:21 +0000 r3
Thu, 12 Sep 2019 17:55:09 +0000 r3
Thu, 12 Sep 2019 18:05:09 +0000 r3
Thu, 12 Sep 2019 18:15:09 +0000 r3
Thu, 12 Sep 2019 18:25:09 +0000 r3
Thu, 12 Sep 2019 18:35:09 +0000 r3
Thu, 12 Sep 2019 18:45:09 +0000 r3
Thu, 12 Sep 2019 19:05:09 +0000 r3
Thu, 12 Sep 2019 19:08:34 +0000 r3
Thu, 12 Sep 2019 19:15:09 +0000 r3
Thu, 12 Sep 2019 19:24:25 +0000 r3
Thu, 12 Sep 2019 19:25:09 +0000 r3
Thu, 12 Sep 2019 19:35:09 +0000 r3
Thu, 12 Sep 2019 19:45:09 +0000 r3
Thu, 12 Sep 2019 19:49:05 +0000 r3
Thu, 12 Sep 2019 19:49:10 +0000 r3
Thu, 12 Sep 2019 19:55:09 +0000 r3
Thu, 12 Sep 2019 20:15:09 +0000 r3
Thu, 12 Sep 2019 20:25:09 +0000 r3
Thu, 12 Sep 2019 20:35:09 +0000 r3
Thu, 12 Sep 2019 20:45:09 +0000 r3
Thu, 12 Sep 2019 20:55:09 +0000 r3
Thu, 12 Sep 2019 21:05:09 +0000 r3
Thu, 12 Sep 2019 21:25:09 +0000 r3
Thu, 12 Sep 2019 21:35:09 +0000 r3
Thu, 12 Sep 2019 21:45:09 +0000 r3
Thu, 12 Sep 2019 21:55:09 +0000 r3
Thu, 12 Sep 2019 22:05:09 +0000 r3
Thu, 12 Sep 2019 22:15:09 +0000 r3
Thu, 12 Sep 2019 22:35:09 +0000 r3
Thu, 12 Sep 2019 22:45:09 +0000 r3
Thu, 12 Sep 2019 22:55:09 +0000 r3
Thu, 12 Sep 2019 23:05:09 +0000 r3
Thu, 12 Sep 2019 23:15:09 +0000 r3
Thu, 12 Sep 2019 23:25:09 +0000 r3
Thu, 12 Sep 2019 23:45:09 +0000 r3
Thu, 12 Sep 2019 23:52:21 +0000 r3
Thu, 12 Sep 2019 23:55:09 +0000 r3
Fri, 13 Sep 2019 00:05:09 +0000 r3
Fri, 13 Sep 2019 00:09:59 +0000 r3
Fri, 13 Sep 2019 00:15:09 +0000 r3
Fri, 13 Sep 2019 00:25:08 +0000 r3
Fri, 13 Sep 2019 00:26:25 +0000 r3
Fri, 13 Sep 2019 00:26:33 +0000 r3
Fri, 13 Sep 2019 00:35:09 +0000 r3
Fri, 13 Sep 2019 00:55:09 +0000 r3
Fri, 13 Sep 2019 01:05:09 +0000 r3
Fri, 13 Sep 2019 01:15:09 +0000 r3
Fri, 13 Sep 2019 01:25:09 +0000 r3
Fri, 13 Sep 2019 01:35:09 +0000 r3
Fri, 13 Sep 2019 01:55:09 +0000 r3
Fri, 13 Sep 2019 02:05:09 +0000 r3
Fri, 13 Sep 2019 02:11:52 +0000 r3
Fri, 13 Sep 2019 02:15:09 +0000 r3
Fri, 13 Sep 2019 02:25:09 +0000 r3
Fri, 13 Sep 2019 02:35:08 +0000 r3
Fri, 13 Sep 2019 02:45:09 +0000 r3
Fri, 13 Sep 2019 02:50:06 +0000 r3
Fri, 13 Sep 2019 03:05:09 +0000 r3
Fri, 13 Sep 2019 03:15:09 +0000 r3
Fri, 13 Sep 2019 03:25:09 +0000 r3
Fri, 13 Sep 2019 03:35:09 +0000 r3
Fri, 13 Sep 2019 03:45:09 +0000 r3
Fri, 13 Sep 2019 03:55:08 +0000 r3
Fri, 13 Sep 2019 04:15:09 +0000 r3
Fri, 13 Sep 2019 04:25:09 +0000 r3
Fri, 13 Sep 2019 04:35:09 +0000 r3
Fri, 13 Sep 2019 04:45:08 +0000 r3
Fri, 13 Sep 2019 04:55:08 +0000 r3
Fri, 13 Sep 2019 05:05:09 +0000 r3
Fri, 13 Sep 2019 05:25:09 +0000 r3
Fri, 13 Sep 2019 05:35:09 +0000 r3
Fri, 13 Sep 2019 05:45:10 +0000 r3
Fri, 13 Sep 2019 05:55:09 +0000 r3
Fri, 13 Sep 2019 06:03:45 +0000 r3
Fri, 13 Sep 2019 06:05:09 +0000 r3
Fri, 13 Sep 2019 06:15:09 +0000 r3
Fri, 13 Sep 2019 06:35:09 +0000 r3
Fri, 13 Sep 2019 06:45:08 +0000 r3
Fri, 13 Sep 2019 06:55:08 +0000 r3
Fri, 13 Sep 2019 07:05:09 +0000 r3
Fri, 13 Sep 2019 07:15:09 +0000 r3
Fri, 13 Sep 2019 07:25:09 +0000 r3
Fri, 13 Sep 2019 07:45:09 +0000 r3
Fri, 13 Sep 2019 07:55:09 +0000 r3
Fri, 13 Sep 2019 08:05:08 +0000 r3
Fri, 13 Sep 2019 08:15:08 +0000 r3
Fri, 13 Sep 2019 08:25:09 +0000 r3
Fri, 13 Sep 2019 08:35:09 +0000 r3
Fri, 13 Sep 2019 08:38:28 +0000 r3
Fri, 13 Sep 2019 08:38:57 +0000 r3
Fri, 13 Sep 2019 08:42:41 +0000 r3
Fri, 13 Sep 2019 08:55:09 +0000 r3
Fri, 13 Sep 2019 09:05:09 +0000 r3
Fri, 13 Sep 2019 09:15:09 +0000 r3
Fri, 13 Sep 2019 09:25:08 +0000 r3
Fri, 13 Sep 2019 09:28:47 +0000 r3
Fri, 13 Sep 2019 09:35:08 +0000 r3
Fri, 13 Sep 2019 09:45:08 +0000 r3
Fri, 13 Sep 2019 10:04:58 +0000 r3
Fri, 13 Sep 2019 10:04:58 +0000 r3
Fri, 13 Sep 2019 10:05:10 +0000 r3
Fri, 13 Sep 2019 10:15:08 +0000 r3
Fri, 13 Sep 2019 10:25:09 +0000 r3
Fri, 13 Sep 2019 10:35:09 +0000 r3
Fri, 13 Sep 2019 10:45:09 +0000 r3
Fri, 13 Sep 2019 10:55:09 +0000 r3
Fri, 13 Sep 2019 11:15:09 +0000 r3
Fri, 13 Sep 2019 11:25:09 +0000 r3
Fri, 13 Sep 2019 11:35:08 +0000 r3
Fri, 13 Sep 2019 11:45:08 +0000 r3
Fri, 13 Sep 2019 11:55:08 +0000 r3
Fri, 13 Sep 2019 12:05:09 +0000 r3
Fri, 13 Sep 2019 12:25:08 +0000 r3
Fri, 13 Sep 2019 12:35:09 +0000 r3
Fri, 13 Sep 2019 12:45:09 +0000 r3
Fri, 13 Sep 2019 12:55:09 +0000 r3
Fri, 13 Sep 2019 13:05:08 +0000 r3
Fri, 13 Sep 2019 13:15:08 +0000 r3
Fri, 13 Sep 2019 13:35:08 +0000 r3
Fri, 13 Sep 2019 13:45:08 +0000 r3
Fri, 13 Sep 2019 13:55:09 +0000 r3
Fri, 13 Sep 2019 14:05:09 +0000 r3
Fri, 13 Sep 2019 14:15:08 +0000 r3
Fri, 13 Sep 2019 14:25:08 +0000 r3
Fri, 13 Sep 2019 14:38:47 +0000 r3
Fri, 13 Sep 2019 14:38:50 +0000 r3
Fri, 13 Sep 2019 14:45:08 +0000 r3
Fri, 13 Sep 2019 14:55:08 +0000 r3
Fri, 13 Sep 2019 15:05:08 +0000 r3
Fri, 13 Sep 2019 15:15:09 +0000 r3
Fri, 13 Sep 2019 15:25:09 +0000 r3
Fri, 13 Sep 2019 15:35:08 +0000 r3
Fri, 13 Sep 2019 15:55:09 +0000 r3
Fri, 13 Sep 2019 16:05:08 +0000 r3
Fri, 13 Sep 2019 16:15:08 +0000 r3
Fri, 13 Sep 2019 16:25:08 +0000 r3
Fri, 13 Sep 2019 16:35:09 +0000 r3
Fri, 13 Sep 2019 16:45:09 +0000 r3
Fri, 13 Sep 2019 17:05:09 +0000 r3
Fri, 13 Sep 2019 17:15:10 +0000 r3
Fri, 13 Sep 2019 17:25:09 +0000 r3
Fri, 13 Sep 2019 17:35:09 +0000 r3
Fri, 13 Sep 2019 17:45:09 +0000 r3
Fri, 13 Sep 2019 17:55:09 +0000 r3
Fri, 13 Sep 2019 18:15:09 +0000 r3
Fri, 13 Sep 2019 18:25:09 +0000 r3
Fri, 13 Sep 2019 18:35:10 +0000 r3
Fri, 13 Sep 2019 18:45:09 +0000 r3
Fri, 13 Sep 2019 18:55:09 +0000 r3
Fri, 13 Sep 2019 19:05:09 +0000 r3
Fri, 13 Sep 2019 19:25:09 +0000 r3
Fri, 13 Sep 2019 19:35:09 +0000 r3
Fri, 13 Sep 2019 19:45:09 +0000 r3
Fri, 13 Sep 2019 19:53:11 +0000 r3
Fri, 13 Sep 2019 19:55:09 +0000 r3
Fri, 13 Sep 2019 20:05:09 +0000 r3
Fri, 13 Sep 2019 20:15:09 +0000 r3
Fri, 13 Sep 2019 20:35:09 +0000 r3
Fri, 13 Sep 2019 20:45:09 +0000 r3
Fri, 13 Sep 2019 20:55:09 +0000 r3
Fri, 13 Sep 2019 21:05:09 +0000 r3
Fri, 13 Sep 2019 21:15:09 +0000 r3
Fri, 13 Sep 2019 21:25:09 +0000 r3
Fri, 13 Sep 2019 21:45:09 +0000 r3
Fri, 13 Sep 2019 21:54:45 +0000 r3
Fri, 13 Sep 2019 21:55:09 +0000 r3
Fri, 13 Sep 2019 22:05:09 +0000 r3
Fri, 13 Sep 2019 22:15:09 +0000 r3
Fri, 13 Sep 2019 22:25:09 +0000 r3
Fri, 13 Sep 2019 22:35:09 +0000 r3
Fri, 13 Sep 2019 22:55:09 +0000 r3
Fri, 13 Sep 2019 23:05:09 +0000 r3
Fri, 13 Sep 2019 23:15:02 +0000 r3
Fri, 13 Sep 2019 23:15:09 +0000 r3
Fri, 13 Sep 2019 23:25:09 +0000 r3
Fri, 13 Sep 2019 23:35:09 +0000 r3
Fri, 13 Sep 2019 23:45:09 +0000 r3
Sat, 14 Sep 2019 00:05:09 +0000 r3
Sat, 14 Sep 2019 00:15:09 +0000 r3
Sat, 14 Sep 2019 00:25:09 +0000 r3
Sat, 14 Sep 2019 00:35:09 +0000 r3
Sat, 14 Sep 2019 00:45:09 +0000 r3
Sat, 14 Sep 2019 00:50:49 +0000 r3
Sat, 14 Sep 2019 00:55:09 +0000 r3
Sat, 14 Sep 2019 01:15:09 +0000 r3
Sat, 14 Sep 2019 01:25:09 +0000 r3
Sat, 14 Sep 2019 01:35:09 +0000 r3
Sat, 14 Sep 2019 01:45:09 +0000 r3
Sat, 14 Sep 2019 01:55:09 +0000 r3
Sat, 14 Sep 2019 02:05:09 +0000 r3
Sat, 14 Sep 2019 02:25:09 +0000 r3
Sat, 14 Sep 2019 02:35:09 +0000 r3
Sat, 14 Sep 2019 02:45:08 +0000 r3
Sat, 14 Sep 2019 02:55:09 +0000 r3
Sat, 14 Sep 2019 03:05:09 +0000 r3
Sat, 14 Sep 2019 03:15:09 +0000 r3
Sat, 14 Sep 2019 03:35:09 +0000 r3
Sat, 14 Sep 2019 03:45:09 +0000 r3
Sat, 14 Sep 2019 03:55:09 +0000 r3
Sat, 14 Sep 2019 04:05:08 +0000 r3
Sat, 14 Sep 2019 04:15:09 +0000 r3
Sat, 14 Sep 2019 04:25:09 +0000 r3
Sat, 14 Sep 2019 04:45:09 +0000 r3
Sat, 14 Sep 2019 04:55:09 +0000 r3
Sat, 14 Sep 2019 05:05:09 +0000 r3
Sat, 14 Sep 2019 05:15:09 +0000 r3
Sat, 14 Sep 2019 05:25:09 +0000 r3
Sat, 14 Sep 2019 05:35:09 +0000 r3
Sat, 14 Sep 2019 05:55:09 +0000 r3
Sat, 14 Sep 2019 06:05:08 +0000 r3
Sat, 14 Sep 2019 06:15:08 +0000 r3
Sat, 14 Sep 2019 06:25:09 +0000 r3
Sat, 14 Sep 2019 06:35:09 +0000 r3
Sat, 14 Sep 2019 06:45:09 +0000 r3
Sat, 14 Sep 2019 07:05:09 +0000 r3
Sat, 14 Sep 2019 07:15:09 +0000 r3
Sat, 14 Sep 2019 07:25:08 +0000 r3
Sat, 14 Sep 2019 07:35:08 +0000 r3
Sat, 14 Sep 2019 07:45:09 +0000 r3
Sat, 14 Sep 2019 07:55:09 +0000 r3
Sat, 14 Sep 2019 08:15:09 +0000 r3
Sat, 14 Sep 2019 08:25:09 +0000 r3
Sat, 14 Sep 2019 08:35:09 +0000 r3
Sat, 14 Sep 2019 08:45:08 +0000 r3
Sat, 14 Sep 2019 08:55:08 +0000 r3
Sat, 14 Sep 2019 09:05:09 +0000 r3
Sat, 14 Sep 2019 09:25:08 +0000 r3
Sat, 14 Sep 2019 09:35:09 +0000 r3
Sat, 14 Sep 2019 09:45:09 +0000 r3
Sat, 14 Sep 2019 09:55:09 +0000 r3
Sat, 14 Sep 2019 10:05:08 +0000 r3
Sat, 14 Sep 2019 10:15:08 +0000 r3
Sat, 14 Sep 2019 10:35:08 +0000 r3
Sat, 14 Sep 2019 10:42:39 +0000 r3
Sat, 14 Sep 2019 10:45:08 +0000 r3
Sat, 14 Sep 2019 10:55:09 +0000 r3
Sat, 14 Sep 2019 11:05:09 +0000 r3
Sat, 14 Sep 2019 11:15:09 +0000 r3
Sat, 14 Sep 2019 11:25:08 +0000 r3
Sat, 14 Sep 2019 11:45:08 +0000 r3
Sat, 14 Sep 2019 11:55:08 +0000 r3
Sat, 14 Sep 2019 11:59:05 +0000 r3
Sat, 14 Sep 2019 12:05:08 +0000 r3
Sat, 14 Sep 2019 12:15:09 +0000 r3
Sat, 14 Sep 2019 12:25:09 +0000 r3
Sat, 14 Sep 2019 12:35:09 +0000 r3
Sat, 14 Sep 2019 12:55:09 +0000 r3
Sat, 14 Sep 2019 13:05:08 +0000 r3
Sat, 14 Sep 2019 13:15:08 +0000 r3
Sat, 14 Sep 2019 13:25:08 +0000 r3
Sat, 14 Sep 2019 13:35:09 +0000 r3
Sat, 14 Sep 2019 13:45:09 +0000 r3
Sat, 14 Sep 2019 14:05:09 +0000 r3
Sat, 14 Sep 2019 14:15:09 +0000 r3
Sat, 14 Sep 2019 14:25:08 +0000 r3
Sat, 14 Sep 2019 14:35:08 +0000 r3
Sat, 14 Sep 2019 14:45:08 +0000 r3
Sat, 14 Sep 2019 14:55:08 +0000 r3
Sat, 14 Sep 2019 15:15:08 +0000 r3
Sat, 14 Sep 2019 15:25:09 +0000 r3
Sat, 14 Sep 2019 15:35:09 +0000 r3
Sat, 14 Sep 2019 15:45:08 +0000 r3
Sat, 14 Sep 2019 15:55:08 +0000 r3
Sat, 14 Sep 2019 16:05:08 +0000 r3
Sat, 14 Sep 2019 16:25:08 +0000 r3
Sat, 14 Sep 2019 16:35:08 +0000 r3
Sat, 14 Sep 2019 16:45:09 +0000 r3
Sat, 14 Sep 2019 16:55:09 +0000 r3
Sat, 14 Sep 2019 17:05:10 +0000 r3
Sat, 14 Sep 2019 17:15:09 +0000 r3
Sat, 14 Sep 2019 17:35:09 +0000 r3
Sat, 14 Sep 2019 17:42:30 +0000 r3
Sat, 14 Sep 2019 17:45:09 +0000 r3
Sat, 14 Sep 2019 17:55:10 +0000 r3
Sat, 14 Sep 2019 18:05:09 +0000 r3
Sat, 14 Sep 2019 18:15:09 +0000 r3
Sat, 14 Sep 2019 18:25:09 +0000 r3
Sat, 14 Sep 2019 18:45:09 +0000 r3
Sat, 14 Sep 2019 18:55:09 +0000 r3
Sat, 14 Sep 2019 19:05:10 +0000 r3
Sat, 14 Sep 2019 19:15:09 +0000 r3
Sat, 14 Sep 2019 19:25:09 +0000 r3
Sat, 14 Sep 2019 19:37:19 +0000 r3
Sat, 14 Sep 2019 19:39:20 +0000 r3
Sat, 14 Sep 2019 19:49:19 +0000 r3
Sat, 14 Sep 2019 19:59:20 +0000 r3
Sat, 14 Sep 2019 20:09:19 +0000 r3
Sat, 14 Sep 2019 20:19:21 +0000 r3
Sat, 14 Sep 2019 20:29:19 +0000 r3
Sat, 14 Sep 2019 20:41:29 +0000 r3
Sat, 14 Sep 2019 20:43:29 +0000 r3
Sat, 14 Sep 2019 20:53:29 +0000 r3
Sat, 14 Sep 2019 21:03:29 +0000 r3
Sat, 14 Sep 2019 21:13:29 +0000 r3
Sat, 14 Sep 2019 21:23:29 +0000 r3
Sat, 14 Sep 2019 21:33:29 +0000 r3
Mon, 16 Sep 2019 01:57:42 +0000 r3
Mon, 16 Sep 2019 02:07:42 +0000 r3
Mon, 16 Sep 2019 02:17:42 +0000 r3
Mon, 16 Sep 2019 02:27:42 +0000 r3
Mon, 16 Sep 2019 02:37:42 +0000 r3
Mon, 16 Sep 2019 02:47:42 +0000 r3
Mon, 16 Sep 2019 03:07:41 +0000 r3
Mon, 16 Sep 2019 03:17:42 +0000 r3
Mon, 16 Sep 2019 03:27:42 +0000 r3
Mon, 16 Sep 2019 03:37:42 +0000 r3
Mon, 16 Sep 2019 03:47:42 +0000 r3
Mon, 16 Sep 2019 03:57:41 +0000 r3
Mon, 16 Sep 2019 04:07:41 +0000 r3
Mon, 16 Sep 2019 04:17:42 +0000 r3
Mon, 16 Sep 2019 04:27:42 +0000 r3
Mon, 16 Sep 2019 04:37:42 +0000 r3
Mon, 16 Sep 2019 04:47:41 +0000 r3
Mon, 16 Sep 2019 04:57:41 +0000 r3
Mon, 16 Sep 2019 05:10:19 +0000 r3
Mon, 16 Sep 2019 05:17:41 +0000 r3
Mon, 16 Sep 2019 05:27:41 +0000 r3
Mon, 16 Sep 2019 05:37:42 +0000 r3
Mon, 16 Sep 2019 05:47:42 +0000 r3
Mon, 16 Sep 2019 05:51:54 +0000 r3
Mon, 16 Sep 2019 05:57:42 +0000 r3
Mon, 16 Sep 2019 06:07:41 +0000 r3
Mon, 16 Sep 2019 06:26:06 +0000 r3
Mon, 16 Sep 2019 06:26:07 +0000 r3
Mon, 16 Sep 2019 06:26:11 +0000 r3
Mon, 16 Sep 2019 06:27:42 +0000 r3
Mon, 16 Sep 2019 06:37:41 +0000 r3
Mon, 16 Sep 2019 06:47:41 +0000 r3
Mon, 16 Sep 2019 06:57:41 +0000 r3
Mon, 16 Sep 2019 07:00:07 +0000 r3
Mon, 16 Sep 2019 07:07:42 +0000 r3
Mon, 16 Sep 2019 07:17:42 +0000 r3
Mon, 16 Sep 2019 07:37:42 +0000 r3
Mon, 16 Sep 2019 07:47:42 +0000 r3
Mon, 16 Sep 2019 07:57:41 +0000 r3
Mon, 16 Sep 2019 08:07:41 +0000 r3
Mon, 16 Sep 2019 08:17:41 +0000 r3
Mon, 16 Sep 2019 08:27:42 +0000 r3
Mon, 16 Sep 2019 08:47:41 +0000 r3
Mon, 16 Sep 2019 08:57:42 +0000 r3
Mon, 16 Sep 2019 09:07:42 +0000 r3
Mon, 16 Sep 2019 09:17:41 +0000 r3
Mon, 16 Sep 2019 09:27:41 +0000 r3
Mon, 16 Sep 2019 09:37:41 +0000 r3
Mon, 16 Sep 2019 09:57:41 +0000 r3
Mon, 16 Sep 2019 10:07:41 +0000 r3
Mon, 16 Sep 2019 10:17:42 +0000 r3
Mon, 16 Sep 2019 10:27:42 +0000 r3
Mon, 16 Sep 2019 10:37:41 +0000 r3
Mon, 16 Sep 2019 10:47:41 +0000 r3
Mon, 16 Sep 2019 11:07:41 +0000 r3
Mon, 16 Sep 2019 11:17:41 +0000 r3
Mon, 16 Sep 2019 11:27:42 +0000 r3
Mon, 16 Sep 2019 11:37:42 +0000 r3
Mon, 16 Sep 2019 11:47:41 +0000 r3
Mon, 16 Sep 2019 11:57:41 +0000 r3
Mon, 16 Sep 2019 12:17:41 +0000 r3
Mon, 16 Sep 2019 12:27:41 +0000 r3
Mon, 16 Sep 2019 12:37:41 +0000 r3
Mon, 16 Sep 2019 12:47:41 +0000 r3
Mon, 16 Sep 2019 12:47:56 +0000 r3
Mon, 16 Sep 2019 12:57:42 +0000 r3
Mon, 16 Sep 2019 13:00:17 +0000 r3
Mon, 16 Sep 2019 13:07:41 +0000 r3
Mon, 16 Sep 2019 13:21:00 +0000 r3
Mon, 16 Sep 2019 13:27:42 +0000 r3
Mon, 16 Sep 2019 13:37:41 +0000 r3
Mon, 16 Sep 2019 13:47:41 +0000 r3
Mon, 16 Sep 2019 13:57:41 +0000 r3
Mon, 16 Sep 2019 13:58:52 +0000 r3
Mon, 16 Sep 2019 13:58:55 +0000 r3
Mon, 16 Sep 2019 13:59:01 +0000 r3
Mon, 16 Sep 2019 13:59:04 +0000 r3
Mon, 16 Sep 2019 13:59:05 +0000 r3
Mon, 16 Sep 2019 14:07:41 +0000 r3
Mon, 16 Sep 2019 14:17:42 +0000 r3
Mon, 16 Sep 2019 14:37:41 +0000 r3
Mon, 16 Sep 2019 14:47:42 +0000 r3
Mon, 16 Sep 2019 14:57:41 +0000 r3
Mon, 16 Sep 2019 15:07:41 +0000 r3
Mon, 16 Sep 2019 15:17:41 +0000 r3
Mon, 16 Sep 2019 15:27:41 +0000 r3
Mon, 16 Sep 2019 15:47:41 +0000 r3
Mon, 16 Sep 2019 15:57:41 +0000 r3
Mon, 16 Sep 2019 16:07:42 +0000 r3
Mon, 16 Sep 2019 16:17:41 +0000 r3
Mon, 16 Sep 2019 16:27:41 +0000 r3
Mon, 16 Sep 2019 16:37:41 +0000 r3
Mon, 16 Sep 2019 16:57:41 +0000 r3
Mon, 16 Sep 2019 17:07:41 +0000 r3
Mon, 16 Sep 2019 17:17:41 +0000 r3
Mon, 16 Sep 2019 17:27:42 +0000 r3
Mon, 16 Sep 2019 17:37:41 +0000 r3
Mon, 16 Sep 2019 17:47:41 +0000 r3
Mon, 16 Sep 2019 18:07:41 +0000 r3
Mon, 16 Sep 2019 18:17:41 +0000 r3
Mon, 16 Sep 2019 18:27:41 +0000 r3
Mon, 16 Sep 2019 18:37:41 +0000 r3
Mon, 16 Sep 2019 18:40:03 +0000 r3
Mon, 16 Sep 2019 18:40:18 +0000 r3
Mon, 16 Sep 2019 18:40:19 +0000 r3
Mon, 16 Sep 2019 18:40:24 +0000 r3
Mon, 16 Sep 2019 18:40:28 +0000 r3
Mon, 16 Sep 2019 18:40:30 +0000 r3
Mon, 16 Sep 2019 18:40:32 +0000 r3
Mon, 16 Sep 2019 18:40:34 +0000 r3
Mon, 16 Sep 2019 18:40:36 +0000 r3
Mon, 16 Sep 2019 18:41:10 +0000 r3
Mon, 16 Sep 2019 18:41:11 +0000 r3
Mon, 16 Sep 2019 18:47:41 +0000 r3
Mon, 16 Sep 2019 18:57:41 +0000 r3
Mon, 16 Sep 2019 19:17:42 +0000 r3
Mon, 16 Sep 2019 19:27:41 +0000 r3
Mon, 16 Sep 2019 19:37:41 +0000 r3
Mon, 16 Sep 2019 19:47:41 +0000 r3
Mon, 16 Sep 2019 19:57:41 +0000 r3
Mon, 16 Sep 2019 20:07:41 +0000 r3
Mon, 16 Sep 2019 20:27:41 +0000 r3
Mon, 16 Sep 2019 20:37:41 +0000 r3
Mon, 16 Sep 2019 20:38:37 +0000 r3
Mon, 16 Sep 2019 20:47:41 +0000 r3
Mon, 16 Sep 2019 20:57:41 +0000 r3
Mon, 16 Sep 2019 21:07:41 +0000 r3
Mon, 16 Sep 2019 21:17:41 +0000 r3
Mon, 16 Sep 2019 21:37:41 +0000 r3
Mon, 16 Sep 2019 21:47:41 +0000 r3
Mon, 16 Sep 2019 21:57:41 +0000 r3
Mon, 16 Sep 2019 22:07:41 +0000 r3
Mon, 16 Sep 2019 22:17:41 +0000 r3
Mon, 16 Sep 2019 22:27:41 +0000 r3
Mon, 16 Sep 2019 22:47:41 +0000 r3
Mon, 16 Sep 2019 22:57:41 +0000 r3
Mon, 16 Sep 2019 23:07:41 +0000 r3
Mon, 16 Sep 2019 23:17:41 +0000 r3
Mon, 16 Sep 2019 23:27:41 +0000 r3
Mon, 16 Sep 2019 23:37:41 +0000 r3
Mon, 16 Sep 2019 23:57:40 +0000 r3
Tue, 17 Sep 2019 00:07:41 +0000 r3
Tue, 17 Sep 2019 00:17:41 +0000 r3
Tue, 17 Sep 2019 00:27:41 +0000 r3
Tue, 17 Sep 2019 00:34:49 +0000 r3
Tue, 17 Sep 2019 00:34:49 +0000 r3
Tue, 17 Sep 2019 00:37:41 +0000 r3
Tue, 17 Sep 2019 00:47:41 +0000 r3
Tue, 17 Sep 2019 00:47:47 +0000 r3
Tue, 17 Sep 2019 01:07:41 +0000 r3
Tue, 17 Sep 2019 01:17:41 +0000 r3
Tue, 17 Sep 2019 01:27:41 +0000 r3
Tue, 17 Sep 2019 01:37:41 +0000 r3
Tue, 17 Sep 2019 01:47:41 +0000 r3
Tue, 17 Sep 2019 01:57:42 +0000 r3
Tue, 17 Sep 2019 02:17:41 +0000 r3
Tue, 17 Sep 2019 02:27:41 +0000 r3
Tue, 17 Sep 2019 02:37:41 +0000 r3
Tue, 17 Sep 2019 02:47:41 +0000 r3
Tue, 17 Sep 2019 02:57:41 +0000 r3
Tue, 17 Sep 2019 03:07:41 +0000 r3
Tue, 17 Sep 2019 03:27:41 +0000 r3
Tue, 17 Sep 2019 03:37:41 +0000 r3
Tue, 17 Sep 2019 03:47:41 +0000 r3
Tue, 17 Sep 2019 03:57:40 +0000 r3
Tue, 17 Sep 2019 04:07:41 +0000 r3
Tue, 17 Sep 2019 04:17:41 +0000 r3
Tue, 17 Sep 2019 04:37:41 +0000 r3
Tue, 17 Sep 2019 04:47:41 +0000 r3
Tue, 17 Sep 2019 04:57:42 +0000 r3
Tue, 17 Sep 2019 05:07:41 +0000 r3
Tue, 17 Sep 2019 05:17:41 +0000 r3
Tue, 17 Sep 2019 05:27:40 +0000 r3
Tue, 17 Sep 2019 05:47:41 +0000 r3
Tue, 17 Sep 2019 05:57:40 +0000 r3
Tue, 17 Sep 2019 06:07:41 +0000 r3
Tue, 17 Sep 2019 06:17:41 +0000 r3
Tue, 17 Sep 2019 06:27:41 +0000 r3
Tue, 17 Sep 2019 06:37:41 +0000 r3
Tue, 17 Sep 2019 06:57:41 +0000 r3
Tue, 17 Sep 2019 07:07:41 +0000 r3
Tue, 17 Sep 2019 07:17:40 +0000 r3
Tue, 17 Sep 2019 07:27:40 +0000 r3
Tue, 17 Sep 2019 07:37:41 +0000 r3
Tue, 17 Sep 2019 07:47:41 +0000 r3
Tue, 17 Sep 2019 08:07:41 +0000 r3
Tue, 17 Sep 2019 08:17:41 +0000 r3
Tue, 17 Sep 2019 08:27:41 +0000 r3
Tue, 17 Sep 2019 08:37:40 +0000 r3
Tue, 17 Sep 2019 08:47:40 +0000 r3
Tue, 17 Sep 2019 08:55:03 +0000 r3
Tue, 17 Sep 2019 08:56:36 +0000 r3
Tue, 17 Sep 2019 08:57:41 +0000 r3
Tue, 17 Sep 2019 09:17:40 +0000 r3
Tue, 17 Sep 2019 09:27:41 +0000 r3
Tue, 17 Sep 2019 09:37:41 +0000 r3
Tue, 17 Sep 2019 09:47:41 +0000 r3
Tue, 17 Sep 2019 09:57:40 +0000 r3
Tue, 17 Sep 2019 10:07:40 +0000 r3
Tue, 17 Sep 2019 10:27:40 +0000 r3
Tue, 17 Sep 2019 10:37:40 +0000 r3
Tue, 17 Sep 2019 10:47:41 +0000 r3
Tue, 17 Sep 2019 10:57:41 +0000 r3
Tue, 17 Sep 2019 11:07:41 +0000 r3
Tue, 17 Sep 2019 11:17:40 +0000 r3
Tue, 17 Sep 2019 11:37:41 +0000 r3
Tue, 17 Sep 2019 11:47:40 +0000 r3
Tue, 17 Sep 2019 11:57:40 +0000 r3
Tue, 17 Sep 2019 12:07:41 +0000 r3
Tue, 17 Sep 2019 12:17:41 +0000 r3
Tue, 17 Sep 2019 12:27:41 +0000 r3
Tue, 17 Sep 2019 12:47:41 +0000 r3
Tue, 17 Sep 2019 12:57:41 +0000 r3
Tue, 17 Sep 2019 13:07:40 +0000 r3
Tue, 17 Sep 2019 13:17:40 +0000 r3
Tue, 17 Sep 2019 13:27:40 +0000 r3
Tue, 17 Sep 2019 13:37:41 +0000 r3
Tue, 17 Sep 2019 13:57:41 +0000 r3
Tue, 17 Sep 2019 14:07:41 +0000 r3
Tue, 17 Sep 2019 14:17:41 +0000 r3
Tue, 17 Sep 2019 14:25:46 +0000 r3
Tue, 17 Sep 2019 14:25:52 +0000 r3
Tue, 17 Sep 2019 14:27:40 +0000 r3
Tue, 17 Sep 2019 14:37:40 +0000 r3
Tue, 17 Sep 2019 14:47:40 +0000 r3
Tue, 17 Sep 2019 15:07:41 +0000 r3
Tue, 17 Sep 2019 15:17:40 +0000 r3
Tue, 17 Sep 2019 15:19:33 +0000 r3
Tue, 17 Sep 2019 15:19:34 +0000 r3
Tue, 17 Sep 2019 15:27:41 +0000 r3
Tue, 17 Sep 2019 15:37:41 +0000 r3
Tue, 17 Sep 2019 15:47:41 +0000 r3
Tue, 17 Sep 2019 15:57:40 +0000 r3
Tue, 17 Sep 2019 16:17:40 +0000 r3
Tue, 17 Sep 2019 16:27:40 +0000 r3
Tue, 17 Sep 2019 16:37:40 +0000 r3
Tue, 17 Sep 2019 16:47:42 +0000 r3
Tue, 17 Sep 2019 16:57:42 +0000 r3
Tue, 17 Sep 2019 17:07:41 +0000 r3
Tue, 17 Sep 2019 17:27:41 +0000 r3
Tue, 17 Sep 2019 17:37:41 +0000 r3
Tue, 17 Sep 2019 17:47:42 +0000 r3
Tue, 17 Sep 2019 17:57:42 +0000 r3
Tue, 17 Sep 2019 18:07:42 +0000 r3
Tue, 17 Sep 2019 18:17:41 +0000 r3
Tue, 17 Sep 2019 18:37:42 +0000 r3
Tue, 17 Sep 2019 18:47:41 +0000 r3
Tue, 17 Sep 2019 18:57:41 +0000 r3
Tue, 17 Sep 2019 19:07:41 +0000 r3
Tue, 17 Sep 2019 19:17:42 +0000 r3
Tue, 17 Sep 2019 19:27:42 +0000 r3
Tue, 17 Sep 2019 19:47:42 +0000 r3
Tue, 17 Sep 2019 19:57:42 +0000 r3
Tue, 17 Sep 2019 20:07:41 +0000 r3
Tue, 17 Sep 2019 20:17:41 +0000 r3
Tue, 17 Sep 2019 20:27:41 +0000 r3
Tue, 17 Sep 2019 20:37:42 +0000 r3
Tue, 17 Sep 2019 20:57:41 +0000 r3
Tue, 17 Sep 2019 21:07:42 +0000 r3
Tue, 17 Sep 2019 21:17:42 +0000 r3
Tue, 17 Sep 2019 21:27:41 +0000 r3
Tue, 17 Sep 2019 21:37:41 +0000 r3
Tue, 17 Sep 2019 21:47:41 +0000 r3
Tue, 17 Sep 2019 22:07:41 +0000 r3
Tue, 17 Sep 2019 22:17:41 +0000 r3
Tue, 17 Sep 2019 22:27:42 +0000 r3
Tue, 17 Sep 2019 22:37:42 +0000 r3
Tue, 17 Sep 2019 22:47:41 +0000 r3
Tue, 17 Sep 2019 22:49:17 +0000 r3
Tue, 17 Sep 2019 22:57:41 +0000 r3
Tue, 17 Sep 2019 23:17:41 +0000 r3
Tue, 17 Sep 2019 23:27:41 +0000 r3
Tue, 17 Sep 2019 23:37:41 +0000 r3
Tue, 17 Sep 2019 23:47:42 +0000 r3
Tue, 17 Sep 2019 23:57:42 +0000 r3
Wed, 18 Sep 2019 00:07:41 +0000 r3
Wed, 18 Sep 2019 00:27:42 +0000 r3
Wed, 18 Sep 2019 00:37:41 +0000 r3
Wed, 18 Sep 2019 00:47:41 +0000 r3
Wed, 18 Sep 2019 00:57:41 +0000 r3
Wed, 18 Sep 2019 01:07:41 +0000 r3
Wed, 18 Sep 2019 01:17:42 +0000 r3
Wed, 18 Sep 2019 01:37:41 +0000 r3
Wed, 18 Sep 2019 01:47:42 +0000 r3
Wed, 18 Sep 2019 01:57:42 +0000 r3
Wed, 18 Sep 2019 02:07:41 +0000 r3
Wed, 18 Sep 2019 02:17:41 +0000 r3
Wed, 18 Sep 2019 02:27:41 +0000 r3
Wed, 18 Sep 2019 02:47:41 +0000 r3
Wed, 18 Sep 2019 02:57:41 +0000 r3
Wed, 18 Sep 2019 03:07:41 +0000 r3
Wed, 18 Sep 2019 03:17:42 +0000 r3
Wed, 18 Sep 2019 03:27:41 +0000 r3
Wed, 18 Sep 2019 03:37:41 +0000 r3
Wed, 18 Sep 2019 03:49:04 +0000 r3
Wed, 18 Sep 2019 03:57:41 +0000 r3
Wed, 18 Sep 2019 03:58:58 +0000 r3
Wed, 18 Sep 2019 04:07:42 +0000 r3
Wed, 18 Sep 2019 04:17:41 +0000 r3
Wed, 18 Sep 2019 04:27:41 +0000 r3
Wed, 18 Sep 2019 04:29:02 +0000 r3
Wed, 18 Sep 2019 04:33:10 +0000 r3
Wed, 18 Sep 2019 04:33:11 +0000 r3
Wed, 18 Sep 2019 04:37:41 +0000 r3
Wed, 18 Sep 2019 04:47:41 +0000 r3
Wed, 18 Sep 2019 05:07:41 +0000 r3
Wed, 18 Sep 2019 05:17:42 +0000 r3
Wed, 18 Sep 2019 05:27:41 +0000 r3
Wed, 18 Sep 2019 05:37:41 +0000 r3
Wed, 18 Sep 2019 05:47:41 +0000 r3
Wed, 18 Sep 2019 05:57:41 +0000 r3
Wed, 18 Sep 2019 06:17:41 +0000 r3
Wed, 18 Sep 2019 06:27:41 +0000 r3
Wed, 18 Sep 2019 06:28:34 +0000 r3
Wed, 18 Sep 2019 06:37:42 +0000 r3
Wed, 18 Sep 2019 06:47:41 +0000 r3
Wed, 18 Sep 2019 06:57:41 +0000 r3
Wed, 18 Sep 2019 07:07:41 +0000 r3
Wed, 18 Sep 2019 07:27:41 +0000 r3
Wed, 18 Sep 2019 07:37:41 +0000 r3
Wed, 18 Sep 2019 07:47:41 +0000 r3
Wed, 18 Sep 2019 07:57:41 +0000 r3
Wed, 18 Sep 2019 08:07:40 +0000 r3
Wed, 18 Sep 2019 08:17:40 +0000 r3
Wed, 18 Sep 2019 08:19:45 +0000 r3
Wed, 18 Sep 2019 08:37:40 +0000 r3
Wed, 18 Sep 2019 08:47:40 +0000 r3
Wed, 18 Sep 2019 08:57:40 +0000 r3
Wed, 18 Sep 2019 09:07:40 +0000 r3
Wed, 18 Sep 2019 09:17:41 +0000 r3
Wed, 18 Sep 2019 09:27:40 +0000 r3
Wed, 18 Sep 2019 09:47:40 +0000 r3
Wed, 18 Sep 2019 09:57:40 +0000 r3
Wed, 18 Sep 2019 10:07:40 +0000 r3
Wed, 18 Sep 2019 10:17:40 +0000 r3
Wed, 18 Sep 2019 10:27:40 +0000 r3
Wed, 18 Sep 2019 10:37:40 +0000 r3
Wed, 18 Sep 2019 10:57:40 +0000 r3
Wed, 18 Sep 2019 11:07:40 +0000 r3
Wed, 18 Sep 2019 11:17:40 +0000 r3
Wed, 18 Sep 2019 11:27:40 +0000 r3
Wed, 18 Sep 2019 11:37:40 +0000 r3
Wed, 18 Sep 2019 11:47:40 +0000 r3
Wed, 18 Sep 2019 11:56:36 +0000 r3
Wed, 18 Sep 2019 12:07:40 +0000 r3
Wed, 18 Sep 2019 12:17:40 +0000 r3
Wed, 18 Sep 2019 12:27:40 +0000 r3
Wed, 18 Sep 2019 12:37:40 +0000 r3
Wed, 18 Sep 2019 12:47:40 +0000 r3
Wed, 18 Sep 2019 12:57:40 +0000 r3
Wed, 18 Sep 2019 13:17:40 +0000 r3
Wed, 18 Sep 2019 13:27:40 +0000 r3
Wed, 18 Sep 2019 13:37:39 +0000 r3
Wed, 18 Sep 2019 13:42:43 +0000 r3
Wed, 18 Sep 2019 13:47:40 +0000 r3
Wed, 18 Sep 2019 13:57:40 +0000 r3
Wed, 18 Sep 2019 14:07:40 +0000 r3
Wed, 18 Sep 2019 14:27:40 +0000 r3
Wed, 18 Sep 2019 14:37:40 +0000 r3
Wed, 18 Sep 2019 14:47:40 +0000 r3
Wed, 18 Sep 2019 14:57:39 +0000 r3
Wed, 18 Sep 2019 15:07:40 +0000 r3
Wed, 18 Sep 2019 15:17:40 +0000 r3
Wed, 18 Sep 2019 15:37:40 +0000 r3
Wed, 18 Sep 2019 15:47:40 +0000 r3
Wed, 18 Sep 2019 15:51:27 +0000 r3
Wed, 18 Sep 2019 15:51:38 +0000 r3
Wed, 18 Sep 2019 15:51:38 +0000 r3
Wed, 18 Sep 2019 15:51:41 +0000 r3
Wed, 18 Sep 2019 15:57:40 +0000 r3
Wed, 18 Sep 2019 16:07:40 +0000 r3
Wed, 18 Sep 2019 16:17:39 +0000 r3
Wed, 18 Sep 2019 16:27:40 +0000 r3
Wed, 18 Sep 2019 16:47:40 +0000 r3
Wed, 18 Sep 2019 16:52:49 +0000 r3
Wed, 18 Sep 2019 16:57:41 +0000 r3
Wed, 18 Sep 2019 17:07:41 +0000 r3
Wed, 18 Sep 2019 17:17:41 +0000 r3
Wed, 18 Sep 2019 17:27:41 +0000 r3
Wed, 18 Sep 2019 17:37:40 +0000 r3
Wed, 18 Sep 2019 17:57:41 +0000 r3
Wed, 18 Sep 2019 18:07:41 +0000 r3
Wed, 18 Sep 2019 18:17:41 +0000 r3
Wed, 18 Sep 2019 18:27:41 +0000 r3
Wed, 18 Sep 2019 18:37:41 +0000 r3
Wed, 18 Sep 2019 18:47:41 +0000 r3
Wed, 18 Sep 2019 19:07:41 +0000 r3
Wed, 18 Sep 2019 19:17:41 +0000 r3
Wed, 18 Sep 2019 19:27:40 +0000 r3
Wed, 18 Sep 2019 19:37:41 +0000 r3
Wed, 18 Sep 2019 19:45:12 +0000 r3
Wed, 18 Sep 2019 19:47:41 +0000 r3
Wed, 18 Sep 2019 19:57:41 +0000 r3
Wed, 18 Sep 2019 20:17:41 +0000 r3
Wed, 18 Sep 2019 20:27:41 +0000 r3
Wed, 18 Sep 2019 20:37:41 +0000 r3
Wed, 18 Sep 2019 20:47:42 +0000 r3
Wed, 18 Sep 2019 20:57:28 +0000 r3
Wed, 18 Sep 2019 20:57:40 +0000 r3
Wed, 18 Sep 2019 20:58:06 +0000 r3
Wed, 18 Sep 2019 21:07:41 +0000 r3
Wed, 18 Sep 2019 21:27:40 +0000 r3
Wed, 18 Sep 2019 21:37:41 +0000 r3
Wed, 18 Sep 2019 21:47:41 +0000 r3
Wed, 18 Sep 2019 21:57:41 +0000 r3
Wed, 18 Sep 2019 22:07:41 +0000 r3
Wed, 18 Sep 2019 22:17:40 +0000 r3
Wed, 18 Sep 2019 22:37:41 +0000 r3
Wed, 18 Sep 2019 22:47:40 +0000 r3
Wed, 18 Sep 2019 22:57:40 +0000 r3
Wed, 18 Sep 2019 23:07:41 +0000 r3
Wed, 18 Sep 2019 23:17:41 +0000 r3
Wed, 18 Sep 2019 23:27:41 +0000 r3
Wed, 18 Sep 2019 23:47:41 +0000 r3
Wed, 18 Sep 2019 23:51:48 +0000 r3
Wed, 18 Sep 2019 23:57:41 +0000 r3
Thu, 19 Sep 2019 00:07:40 +0000 r3
Thu, 19 Sep 2019 00:17:40 +0000 r3
Thu, 19 Sep 2019 00:27:41 +0000 r3
Thu, 19 Sep 2019 00:37:41 +0000 r3
Thu, 19 Sep 2019 00:57:41 +0000 r3
Thu, 19 Sep 2019 01:07:41 +0000 r3
Thu, 19 Sep 2019 01:17:41 +0000 r3
Thu, 19 Sep 2019 01:27:40 +0000 r3
Thu, 19 Sep 2019 01:29:53 +0000 r3
Thu, 19 Sep 2019 01:37:40 +0000 r3
Thu, 19 Sep 2019 01:47:41 +0000 r3
Thu, 19 Sep 2019 02:07:40 +0000 r3
Thu, 19 Sep 2019 02:17:40 +0000 r3
Thu, 19 Sep 2019 02:27:41 +0000 r3
Thu, 19 Sep 2019 02:37:41 +0000 r3
Thu, 19 Sep 2019 02:47:41 +0000 r3
Thu, 19 Sep 2019 02:57:40 +0000 r3
Thu, 19 Sep 2019 03:17:41 +0000 r3
Thu, 19 Sep 2019 03:27:40 +0000 r3
Thu, 19 Sep 2019 03:37:40 +0000 r3
Thu, 19 Sep 2019 03:47:41 +0000 r3
Thu, 19 Sep 2019 03:57:41 +0000 r3
Thu, 19 Sep 2019 04:07:41 +0000 r3
Thu, 19 Sep 2019 04:27:41 +0000 r3
Thu, 19 Sep 2019 04:37:40 +0000 r3
Thu, 19 Sep 2019 04:47:40 +0000 r3
Thu, 19 Sep 2019 04:57:40 +0000 r3
Thu, 19 Sep 2019 05:07:41 +0000 r3
Thu, 19 Sep 2019 05:17:41 +0000 r3
Thu, 19 Sep 2019 05:37:41 +0000 r3
Thu, 19 Sep 2019 05:47:41 +0000 r3
Thu, 19 Sep 2019 05:57:40 +0000 r3
Thu, 19 Sep 2019 06:07:40 +0000 r3
Thu, 19 Sep 2019 06:16:50 +0000 r3
Thu, 19 Sep 2019 06:16:52 +0000 r3
Thu, 19 Sep 2019 06:17:40 +0000 r3
Thu, 19 Sep 2019 06:27:40 +0000 r3
Thu, 19 Sep 2019 06:47:40 +0000 r3
Thu, 19 Sep 2019 06:57:41 +0000 r3
Thu, 19 Sep 2019 07:07:41 +0000 r3
Thu, 19 Sep 2019 07:17:40 +0000 r3
Thu, 19 Sep 2019 07:27:40 +0000 r3
Thu, 19 Sep 2019 07:37:40 +0000 r3
Thu, 19 Sep 2019 07:57:40 +0000 r3
Thu, 19 Sep 2019 08:07:40 +0000 r3
Thu, 19 Sep 2019 08:17:40 +0000 r3
Thu, 19 Sep 2019 08:27:41 +0000 r3
Thu, 19 Sep 2019 08:37:40 +0000 r3
Thu, 19 Sep 2019 08:47:40 +0000 r3
Thu, 19 Sep 2019 09:07:40 +0000 r3
Thu, 19 Sep 2019 09:17:40 +0000 r3
Thu, 19 Sep 2019 09:27:40 +0000 r3
Thu, 19 Sep 2019 09:37:40 +0000 r3
Thu, 19 Sep 2019 09:47:41 +0000 r3
Thu, 19 Sep 2019 09:56:52 +0000 r3
Thu, 19 Sep 2019 09:57:40 +0000 r3
Thu, 19 Sep 2019 10:17:41 +0000 r3
Thu, 19 Sep 2019 10:27:40 +0000 r3
Thu, 19 Sep 2019 10:37:40 +0000 r3
Thu, 19 Sep 2019 10:47:40 +0000 r3
Thu, 19 Sep 2019 10:57:40 +0000 r3
Thu, 19 Sep 2019 11:07:41 +0000 r3
Thu, 19 Sep 2019 11:27:41 +0000 r3
Thu, 19 Sep 2019 11:37:40 +0000 r3
Thu, 19 Sep 2019 11:47:40 +0000 r3
Thu, 19 Sep 2019 11:57:40 +0000 r3
Thu, 19 Sep 2019 12:07:40 +0000 r3
Thu, 19 Sep 2019 12:17:41 +0000 r3
Thu, 19 Sep 2019 12:27:40 +0000 r3
Thu, 19 Sep 2019 12:36:20 +0000 r3
Thu, 19 Sep 2019 12:36:32 +0000 r3
Thu, 19 Sep 2019 12:37:40 +0000 r3
Thu, 19 Sep 2019 12:47:40 +0000 r3
Thu, 19 Sep 2019 12:57:40 +0000 r3
Thu, 19 Sep 2019 13:07:40 +0000 r3
Thu, 19 Sep 2019 13:17:41 +0000 r3
Thu, 19 Sep 2019 13:37:40 +0000 r3
Thu, 19 Sep 2019 13:47:41 +0000 r3
Thu, 19 Sep 2019 13:57:40 +0000 r3
Thu, 19 Sep 2019 14:07:40 +0000 r3
Thu, 19 Sep 2019 14:17:40 +0000 r3
Thu, 19 Sep 2019 14:27:40 +0000 r3
Thu, 19 Sep 2019 14:47:40 +0000 r3
Thu, 19 Sep 2019 14:57:40 +0000 r3
Thu, 19 Sep 2019 15:05:05 +0000 r3
Thu, 19 Sep 2019 15:07:41 +0000 r3
Thu, 19 Sep 2019 15:17:40 +0000 r3
Thu, 19 Sep 2019 15:27:40 +0000 r3
Thu, 19 Sep 2019 15:37:40 +0000 r3
Thu, 19 Sep 2019 15:52:11 +0000 r3
Thu, 19 Sep 2019 15:57:40 +0000 r3
Thu, 19 Sep 2019 16:07:40 +0000 r3
Thu, 19 Sep 2019 16:07:57 +0000 r3
Thu, 19 Sep 2019 16:17:40 +0000 r3
Thu, 19 Sep 2019 16:27:40 +0000 r3
Thu, 19 Sep 2019 16:37:40 +0000 r3
Thu, 19 Sep 2019 16:47:40 +0000 r3
Thu, 19 Sep 2019 17:07:40 +0000 r3
Thu, 19 Sep 2019 17:17:40 +0000 r3
Thu, 19 Sep 2019 17:27:41 +0000 r3
Thu, 19 Sep 2019 17:37:41 +0000 r3
Thu, 19 Sep 2019 17:47:40 +0000 r3
Thu, 19 Sep 2019 17:57:40 +0000 r3
Thu, 19 Sep 2019 18:12:49 +0000 r3
Thu, 19 Sep 2019 18:17:40 +0000 r3
Thu, 19 Sep 2019 18:17:49 +0000 r3
Thu, 19 Sep 2019 18:27:40 +0000 r3
Thu, 19 Sep 2019 18:37:40 +0000 r3
Thu, 19 Sep 2019 18:47:41 +0000 r3
Thu, 19 Sep 2019 18:57:41 +0000 r3
Thu, 19 Sep 2019 19:07:40 +0000 r3
Thu, 19 Sep 2019 19:27:41 +0000 r3
Thu, 19 Sep 2019 19:37:40 +0000 r3
Thu, 19 Sep 2019 19:41:10 +0000 r3
Thu, 19 Sep 2019 19:47:40 +0000 r3
Thu, 19 Sep 2019 19:57:40 +0000 r3
Thu, 19 Sep 2019 20:07:41 +0000 r3
Thu, 19 Sep 2019 20:17:41 +0000 r3
Thu, 19 Sep 2019 20:37:41 +0000 r3
Thu, 19 Sep 2019 20:47:41 +0000 r3
Thu, 19 Sep 2019 20:57:40 +0000 r3
Thu, 19 Sep 2019 21:07:40 +0000 r3
Thu, 19 Sep 2019 21:17:40 +0000 r3
Thu, 19 Sep 2019 21:27:40 +0000 r3
Thu, 19 Sep 2019 21:47:40 +0000 r3
Thu, 19 Sep 2019 21:57:41 +0000 r3
Thu, 19 Sep 2019 22:07:41 +0000 r3
Thu, 19 Sep 2019 22:17:40 +0000 r3
Thu, 19 Sep 2019 22:27:40 +0000 r3
Thu, 19 Sep 2019 22:37:40 +0000 r3
Thu, 19 Sep 2019 22:57:40 +0000 r3
Thu, 19 Sep 2019 23:07:40 +0000 r3
Thu, 19 Sep 2019 23:17:41 +0000 r3
Thu, 19 Sep 2019 23:27:41 +0000 r3
Thu, 19 Sep 2019 23:37:40 +0000 r3
Thu, 19 Sep 2019 23:47:40 +0000 r3
Fri, 20 Sep 2019 00:07:40 +0000 r3
Fri, 20 Sep 2019 00:17:40 +0000 r3
Fri, 20 Sep 2019 00:27:40 +0000 r3
Fri, 20 Sep 2019 00:37:41 +0000 r3
Fri, 20 Sep 2019 00:47:41 +0000 r3
Fri, 20 Sep 2019 00:57:40 +0000 r3
Fri, 20 Sep 2019 01:17:40 +0000 r3
Fri, 20 Sep 2019 01:19:25 +0000 r3
Fri, 20 Sep 2019 01:27:40 +0000 r3
Fri, 20 Sep 2019 01:37:40 +0000 r3
Fri, 20 Sep 2019 01:43:36 +0000 r3
Fri, 20 Sep 2019 01:47:40 +0000 r3
Fri, 20 Sep 2019 01:57:41 +0000 r3
Fri, 20 Sep 2019 01:59:19 +0000 r3
Fri, 20 Sep 2019 02:07:41 +0000 r3
Fri, 20 Sep 2019 02:27:08 +0000 r3
Fri, 20 Sep 2019 02:27:41 +0000 r3
Fri, 20 Sep 2019 02:37:40 +0000 r3
Fri, 20 Sep 2019 02:47:40 +0000 r3
Fri, 20 Sep 2019 02:48:54 +0000 r3
Fri, 20 Sep 2019 02:48:54 +0000 r3
Fri, 20 Sep 2019 02:57:40 +0000 r3
Fri, 20 Sep 2019 03:07:40 +0000 r3
Fri, 20 Sep 2019 03:09:18 +0000 r3
Fri, 20 Sep 2019 03:17:41 +0000 r3
Fri, 20 Sep 2019 03:37:40 +0000 r3
Fri, 20 Sep 2019 03:47:41 +0000 r3
Fri, 20 Sep 2019 03:57:40 +0000 r3
Fri, 20 Sep 2019 04:07:40 +0000 r3
Fri, 20 Sep 2019 04:17:40 +0000 r3
Fri, 20 Sep 2019 04:26:29 +0000 r3
Fri, 20 Sep 2019 04:27:40 +0000 r3
Fri, 20 Sep 2019 04:47:40 +0000 r3
Fri, 20 Sep 2019 04:51:25 +0000 r3
Fri, 20 Sep 2019 04:57:40 +0000 r3
Fri, 20 Sep 2019 05:07:41 +0000 r3
Fri, 20 Sep 2019 05:17:40 +0000 r3
Fri, 20 Sep 2019 05:27:40 +0000 r3
Fri, 20 Sep 2019 05:37:40 +0000 r3
Fri, 20 Sep 2019 05:57:40 +0000 r3
Fri, 20 Sep 2019 06:07:40 +0000 r3
Fri, 20 Sep 2019 06:17:40 +0000 r3
Fri, 20 Sep 2019 06:27:41 +0000 r3
Fri, 20 Sep 2019 06:37:16 +0000 r3
Fri, 20 Sep 2019 06:37:40 +0000 r3
Fri, 20 Sep 2019 06:47:40 +0000 r3
Fri, 20 Sep 2019 07:07:40 +0000 r3
Fri, 20 Sep 2019 07:17:40 +0000 r3
Fri, 20 Sep 2019 07:27:40 +0000 r3
Fri, 20 Sep 2019 07:37:40 +0000 r3
Fri, 20 Sep 2019 07:47:40 +0000 r3
Fri, 20 Sep 2019 07:57:40 +0000 r3
Fri, 20 Sep 2019 08:17:40 +0000 r3
Fri, 20 Sep 2019 08:27:37 +0000 r3
Fri, 20 Sep 2019 08:27:40 +0000 r3
Fri, 20 Sep 2019 08:34:33 +0000 r3
Fri, 20 Sep 2019 08:37:40 +0000 r3
Fri, 20 Sep 2019 08:47:40 +0000 r3
Fri, 20 Sep 2019 08:57:40 +0000 r3
Fri, 20 Sep 2019 09:07:40 +0000 r3
Fri, 20 Sep 2019 09:27:40 +0000 r3
Fri, 20 Sep 2019 09:31:45 +0000 r3
Fri, 20 Sep 2019 09:37:40 +0000 r3
Fri, 20 Sep 2019 09:47:40 +0000 r3
Fri, 20 Sep 2019 09:57:40 +0000 r3
Fri, 20 Sep 2019 09:59:08 +0000 r3
Fri, 20 Sep 2019 10:07:40 +0000 r3
Fri, 20 Sep 2019 10:17:40 +0000 r3
Fri, 20 Sep 2019 10:37:40 +0000 r3
Fri, 20 Sep 2019 10:47:40 +0000 r3
Fri, 20 Sep 2019 10:57:40 +0000 r3
Fri, 20 Sep 2019 11:07:40 +0000 r3
Fri, 20 Sep 2019 11:17:40 +0000 r3
Fri, 20 Sep 2019 11:27:40 +0000 r3
Fri, 20 Sep 2019 11:47:40 +0000 r3
Fri, 20 Sep 2019 11:57:40 +0000 r3
Fri, 20 Sep 2019 11:59:26 +0000 r3
Fri, 20 Sep 2019 12:07:40 +0000 r3
Fri, 20 Sep 2019 12:17:39 +0000 r3
Fri, 20 Sep 2019 12:27:40 +0000 r3
Fri, 20 Sep 2019 12:37:40 +0000 r3
Fri, 20 Sep 2019 12:57:40 +0000 r3
Fri, 20 Sep 2019 13:07:40 +0000 r3
Fri, 20 Sep 2019 13:17:40 +0000 r3
Fri, 20 Sep 2019 13:27:40 +0000 r3
Fri, 20 Sep 2019 13:37:40 +0000 r3
Fri, 20 Sep 2019 13:43:53 +0000 r3
Fri, 20 Sep 2019 13:44:00 +0000 r3
Fri, 20 Sep 2019 13:44:18 +0000 r3
Fri, 20 Sep 2019 13:44:41 +0000 r3
Fri, 20 Sep 2019 13:47:40 +0000 r3
Fri, 20 Sep 2019 14:07:40 +0000 r3
Fri, 20 Sep 2019 14:17:40 +0000 r3
Fri, 20 Sep 2019 14:22:11 +0000 r3
Fri, 20 Sep 2019 14:22:18 +0000 r3
Fri, 20 Sep 2019 14:27:40 +0000 r3
Fri, 20 Sep 2019 14:32:33 +0000 r3
Fri, 20 Sep 2019 14:37:40 +0000 r3
Fri, 20 Sep 2019 14:46:04 +0000 r3
Fri, 20 Sep 2019 14:47:39 +0000 r3
Fri, 20 Sep 2019 14:57:40 +0000 r3
Fri, 20 Sep 2019 15:16:24 +0000 r3
Fri, 20 Sep 2019 15:16:49 +0000 r3
Fri, 20 Sep 2019 15:17:39 +0000 r3
Fri, 20 Sep 2019 15:26:02 +0000 r3
Fri, 20 Sep 2019 15:27:40 +0000 r3
Fri, 20 Sep 2019 15:33:53 +0000 r3
Fri, 20 Sep 2019 15:37:40 +0000 r3
Fri, 20 Sep 2019 15:47:40 +0000 r3
Fri, 20 Sep 2019 15:57:40 +0000 r3
Fri, 20 Sep 2019 16:07:39 +0000 r3
Fri, 20 Sep 2019 16:25:52 +0000 r3
Fri, 20 Sep 2019 16:27:40 +0000 r3
Fri, 20 Sep 2019 16:37:39 +0000 r3
Fri, 20 Sep 2019 16:47:41 +0000 r3
Fri, 20 Sep 2019 16:57:41 +0000 r3
Fri, 20 Sep 2019 17:07:41 +0000 r3
Fri, 20 Sep 2019 17:17:41 +0000 r3
Fri, 20 Sep 2019 17:37:41 +0000 r3
Fri, 20 Sep 2019 17:41:56 +0000 r3
Fri, 20 Sep 2019 17:47:41 +0000 r3
Fri, 20 Sep 2019 17:57:41 +0000 r3
Fri, 20 Sep 2019 18:04:11 +0000 r3
Fri, 20 Sep 2019 18:07:41 +0000 r3
Fri, 20 Sep 2019 18:17:41 +0000 r3
Fri, 20 Sep 2019 18:27:41 +0000 r3
Fri, 20 Sep 2019 18:47:41 +0000 r3
Fri, 20 Sep 2019 18:57:41 +0000 r3
Fri, 20 Sep 2019 18:58:45 +0000 r3
Fri, 20 Sep 2019 19:07:40 +0000 r3
Fri, 20 Sep 2019 19:17:41 +0000 r3
Fri, 20 Sep 2019 19:27:41 +0000 r3
Fri, 20 Sep 2019 19:37:41 +0000 r3
Fri, 20 Sep 2019 19:57:41 +0000 r3
Fri, 20 Sep 2019 20:07:41 +0000 r3
Fri, 20 Sep 2019 20:17:41 +0000 r3
Fri, 20 Sep 2019 20:27:41 +0000 r3
Fri, 20 Sep 2019 20:37:41 +0000 r3
Fri, 20 Sep 2019 20:47:41 +0000 r3
Fri, 20 Sep 2019 21:07:41 +0000 r3
Fri, 20 Sep 2019 21:17:41 +0000 r3
Fri, 20 Sep 2019 21:27:41 +0000 r3
Fri, 20 Sep 2019 21:37:41 +0000 r3
Fri, 20 Sep 2019 21:47:40 +0000 r3
Fri, 20 Sep 2019 21:57:41 +0000 r3
Fri, 20 Sep 2019 22:17:41 +0000 r3
Fri, 20 Sep 2019 22:27:41 +0000 r3
Fri, 20 Sep 2019 22:37:41 +0000 r3
Fri, 20 Sep 2019 22:47:41 +0000 r3
Fri, 20 Sep 2019 22:57:41 +0000 r3
Fri, 20 Sep 2019 23:07:40 +0000 r3
Fri, 20 Sep 2019 23:17:41 +0000 r3
Fri, 20 Sep 2019 23:27:41 +0000 r3
Fri, 20 Sep 2019 23:37:41 +0000 r3
Fri, 20 Sep 2019 23:47:41 +0000 r3
Fri, 20 Sep 2019 23:57:40 +0000 r3
Sat, 21 Sep 2019 00:05:13 +0000 r3
Sat, 21 Sep 2019 00:07:40 +0000 r3
Sat, 21 Sep 2019 00:27:40 +0000 r3
Sat, 21 Sep 2019 00:37:40 +0000 r3
Sat, 21 Sep 2019 00:47:41 +0000 r3
Sat, 21 Sep 2019 00:57:41 +0000 r3
Sat, 21 Sep 2019 01:07:41 +0000 r3
Sat, 21 Sep 2019 01:17:41 +0000 r3
Sat, 21 Sep 2019 01:37:41 +0000 r3
Sat, 21 Sep 2019 01:47:40 +0000 r3
Sat, 21 Sep 2019 01:57:40 +0000 r3
Sat, 21 Sep 2019 02:07:41 +0000 r3
Sat, 21 Sep 2019 02:17:41 +0000 r3
Sat, 21 Sep 2019 02:27:41 +0000 r3
Sat, 21 Sep 2019 02:43:53 +0000 r3
Sat, 21 Sep 2019 02:47:41 +0000 r3
Sat, 21 Sep 2019 02:57:41 +0000 r3
Sat, 21 Sep 2019 03:07:41 +0000 r3
Sat, 21 Sep 2019 03:17:40 +0000 r3
Sat, 21 Sep 2019 03:27:40 +0000 r3
Sat, 21 Sep 2019 03:37:41 +0000 r3
Sat, 21 Sep 2019 03:57:40 +0000 r3
Sat, 21 Sep 2019 04:07:41 +0000 r3
Sat, 21 Sep 2019 04:16:43 +0000 r3
Sat, 21 Sep 2019 04:17:07 +0000 r3
Sat, 21 Sep 2019 04:17:41 +0000 r3
Sat, 21 Sep 2019 04:27:41 +0000 r3
Sat, 21 Sep 2019 04:37:40 +0000 r3
Sat, 21 Sep 2019 04:47:40 +0000 r3
Sat, 21 Sep 2019 05:07:40 +0000 r3
Sat, 21 Sep 2019 05:17:42 +0000 r3
Sat, 21 Sep 2019 05:27:41 +0000 r3
Sat, 21 Sep 2019 05:37:41 +0000 r3
Sat, 21 Sep 2019 05:47:40 +0000 r3
Sat, 21 Sep 2019 05:57:40 +0000 r3
Sat, 21 Sep 2019 06:17:40 +0000 r3
Sat, 21 Sep 2019 06:27:40 +0000 r3
Sat, 21 Sep 2019 06:37:40 +0000 r3
Sat, 21 Sep 2019 06:47:41 +0000 r3
Sat, 21 Sep 2019 06:57:41 +0000 r3
Sat, 21 Sep 2019 07:07:40 +0000 r3
Sat, 21 Sep 2019 07:27:41 +0000 r3
Sat, 21 Sep 2019 07:37:40 +0000 r3
Sat, 21 Sep 2019 07:47:40 +0000 r3
Sat, 21 Sep 2019 07:57:40 +0000 r3
Sat, 21 Sep 2019 08:07:41 +0000 r3
Sat, 21 Sep 2019 08:17:41 +0000 r3
Sat, 21 Sep 2019 08:37:41 +0000 r3
Sat, 21 Sep 2019 08:39:29 +0000 r3
Sat, 21 Sep 2019 08:47:41 +0000 r3
Sat, 21 Sep 2019 08:57:40 +0000 r3
Sat, 21 Sep 2019 09:07:40 +0000 r3
Sat, 21 Sep 2019 09:17:40 +0000 r3
Sat, 21 Sep 2019 09:27:41 +0000 r3
Sat, 21 Sep 2019 09:47:40 +0000 r3
Sat, 21 Sep 2019 09:48:54 +0000 r3
Sat, 21 Sep 2019 09:51:34 +0000 r3
Sat, 21 Sep 2019 09:51:44 +0000 r3
Sat, 21 Sep 2019 09:57:41 +0000 r3
Sat, 21 Sep 2019 10:07:41 +0000 r3
Sat, 21 Sep 2019 10:12:49 +0000 r3
Sat, 21 Sep 2019 10:17:40 +0000 r3
Sat, 21 Sep 2019 10:27:40 +0000 r3
Sat, 21 Sep 2019 10:37:40 +0000 r3
Sat, 21 Sep 2019 10:57:40 +0000 r3
Sat, 21 Sep 2019 11:07:40 +0000 r3
Sat, 21 Sep 2019 11:17:40 +0000 r3
Sat, 21 Sep 2019 11:27:41 +0000 r3
Sat, 21 Sep 2019 11:37:40 +0000 r3
Sat, 21 Sep 2019 11:47:40 +0000 r3
Sat, 21 Sep 2019 12:07:40 +0000 r3
Sat, 21 Sep 2019 12:17:40 +0000 r3
Sat, 21 Sep 2019 12:27:41 +0000 r3
Sat, 21 Sep 2019 12:37:40 +0000 r3
Sat, 21 Sep 2019 12:47:40 +0000 r3
Sat, 21 Sep 2019 12:57:40 +0000 r3
Sat, 21 Sep 2019 13:17:40 +0000 r3
Sat, 21 Sep 2019 13:27:40 +0000 r3
Sat, 21 Sep 2019 13:28:57 +0000 r3
Sat, 21 Sep 2019 13:37:40 +0000 r3
Sat, 21 Sep 2019 13:47:41 +0000 r3
Sat, 21 Sep 2019 13:57:40 +0000 r3
Sat, 21 Sep 2019 14:07:40 +0000 r3
Sat, 21 Sep 2019 14:10:22 +0000 r3
Sat, 21 Sep 2019 14:27:40 +0000 r3
Sat, 21 Sep 2019 14:32:25 +0000 r3
Sat, 21 Sep 2019 14:37:40 +0000 r3
Sat, 21 Sep 2019 14:47:40 +0000 r3
Sat, 21 Sep 2019 14:57:40 +0000 r3
Sat, 21 Sep 2019 15:07:41 +0000 r3
Sat, 21 Sep 2019 15:17:41 +0000 r3
Sat, 21 Sep 2019 15:37:41 +0000 r3
Sat, 21 Sep 2019 15:47:40 +0000 r3
Sat, 21 Sep 2019 15:57:40 +0000 r3
Sat, 21 Sep 2019 16:07:40 +0000 r3
Sat, 21 Sep 2019 16:17:40 +0000 r3
Sat, 21 Sep 2019 16:27:40 +0000 r3
Sat, 21 Sep 2019 16:47:41 +0000 r3
Sat, 21 Sep 2019 16:57:41 +0000 r3
Sat, 21 Sep 2019 17:07:41 +0000 r3
Sat, 21 Sep 2019 17:17:40 +0000 r3
Sat, 21 Sep 2019 17:23:14 +0000 r3
Sat, 21 Sep 2019 17:27:40 +0000 r3
Sat, 21 Sep 2019 17:37:41 +0000 r3
Sat, 21 Sep 2019 17:47:46 +0000 r3
Sat, 21 Sep 2019 17:57:40 +0000 r3
Sat, 21 Sep 2019 18:07:41 +0000 r3
Sat, 21 Sep 2019 18:09:50 +0000 r3
Sat, 21 Sep 2019 18:17:41 +0000 r3
Sat, 21 Sep 2019 18:27:41 +0000 r3
Sat, 21 Sep 2019 18:37:40 +0000 r3
Sat, 21 Sep 2019 18:47:40 +0000 r3
Sat, 21 Sep 2019 19:07:45 +0000 r3
Sat, 21 Sep 2019 19:17:41 +0000 r3
Sat, 21 Sep 2019 19:27:41 +0000 r3
Sat, 21 Sep 2019 19:37:41 +0000 r3
Sat, 21 Sep 2019 19:47:41 +0000 r3
Sat, 21 Sep 2019 19:57:41 +0000 r3
Sat, 21 Sep 2019 20:17:41 +0000 r3
Sat, 21 Sep 2019 20:27:43 +0000 r3
Sat, 21 Sep 2019 20:37:41 +0000 r3
Sat, 21 Sep 2019 20:47:41 +0000 r3
Sat, 21 Sep 2019 20:47:55 +0000 r3
Sat, 21 Sep 2019 20:52:57 +0000 r3
Sat, 21 Sep 2019 20:57:40 +0000 r3
Sat, 21 Sep 2019 21:07:41 +0000 r3
Sat, 21 Sep 2019 21:27:41 +0000 r3
Sat, 21 Sep 2019 21:37:40 +0000 r3
Sat, 21 Sep 2019 21:47:40 +0000 r3
Sat, 21 Sep 2019 21:57:40 +0000 r3
Sat, 21 Sep 2019 21:59:22 +0000 r3
Sat, 21 Sep 2019 21:59:37 +0000 r3
Sat, 21 Sep 2019 22:07:41 +0000 r3
Sat, 21 Sep 2019 22:17:41 +0000 r3
Sat, 21 Sep 2019 22:37:41 +0000 r3
Sat, 21 Sep 2019 22:47:41 +0000 r3
Sat, 21 Sep 2019 22:57:40 +0000 r3
Sat, 21 Sep 2019 23:01:19 +0000 r3
Sat, 21 Sep 2019 23:07:40 +0000 r3
Sat, 21 Sep 2019 23:17:40 +0000 r3
Sat, 21 Sep 2019 23:25:14 +0000 r3
Sat, 21 Sep 2019 23:27:40 +0000 r3
Sat, 21 Sep 2019 23:37:25 +0000 r3
Sat, 21 Sep 2019 23:37:41 +0000 r3
Sat, 21 Sep 2019 23:47:41 +0000 r3
Sat, 21 Sep 2019 23:57:40 +0000 r3
Sun, 22 Sep 2019 00:00:58 +0000 r3
Sun, 22 Sep 2019 00:07:02 +0000 r3
Sun, 22 Sep 2019 00:07:40 +0000 r3
Sun, 22 Sep 2019 00:17:40 +0000 r3
Sun, 22 Sep 2019 00:27:41 +0000 r3
Sun, 22 Sep 2019 00:47:40 +0000 r3
Sun, 22 Sep 2019 00:54:07 +0000 r3
Sun, 22 Sep 2019 00:57:41 +0000 r3
Sun, 22 Sep 2019 01:07:41 +0000 r3
Sun, 22 Sep 2019 01:17:39 +0000 r3
Sun, 22 Sep 2019 01:17:40 +0000 r3
Sun, 22 Sep 2019 01:27:40 +0000 r3
Sun, 22 Sep 2019 01:37:40 +0000 r3
Sun, 22 Sep 2019 01:57:40 +0000 r3
Sun, 22 Sep 2019 02:07:40 +0000 r3
Sun, 22 Sep 2019 02:17:41 +0000 r3
Sun, 22 Sep 2019 02:27:41 +0000 r3
Sun, 22 Sep 2019 02:31:41 +0000 r3
Sun, 22 Sep 2019 02:37:41 +0000 r3
Sun, 22 Sep 2019 02:47:40 +0000 r3
Sun, 22 Sep 2019 03:07:40 +0000 r3
Sun, 22 Sep 2019 03:17:40 +0000 r3
Sun, 22 Sep 2019 03:27:41 +0000 r3
Sun, 22 Sep 2019 03:37:41 +0000 r3
Sun, 22 Sep 2019 03:46:49 +0000 r3
Sun, 22 Sep 2019 03:47:40 +0000 r3
Sun, 22 Sep 2019 03:57:40 +0000 r3
Sun, 22 Sep 2019 04:17:40 +0000 r3
Sun, 22 Sep 2019 04:27:40 +0000 r3
Sun, 22 Sep 2019 04:37:40 +0000 r3
Sun, 22 Sep 2019 04:47:40 +0000 r3
Sun, 22 Sep 2019 04:57:41 +0000 r3
Sun, 22 Sep 2019 05:07:40 +0000 r3
Sun, 22 Sep 2019 05:27:41 +0000 r3
Sun, 22 Sep 2019 05:37:40 +0000 r3
Sun, 22 Sep 2019 05:47:40 +0000 r3
Sun, 22 Sep 2019 05:57:40 +0000 r3
Sun, 22 Sep 2019 06:07:41 +0000 r3
Sun, 22 Sep 2019 06:07:52 +0000 r3
Sun, 22 Sep 2019 06:07:54 +0000 r3
Sun, 22 Sep 2019 06:07:54 +0000 r3
Sun, 22 Sep 2019 06:07:56 +0000 r3
Sun, 22 Sep 2019 06:17:40 +0000 r3
Sun, 22 Sep 2019 06:37:40 +0000 r3
Sun, 22 Sep 2019 06:47:40 +0000 r3
Sun, 22 Sep 2019 06:57:40 +0000 r3
Sun, 22 Sep 2019 07:07:40 +0000 r3
Sun, 22 Sep 2019 07:17:40 +0000 r3
Sun, 22 Sep 2019 07:27:41 +0000 r3
Sun, 22 Sep 2019 07:47:40 +0000 r3
Sun, 22 Sep 2019 07:57:41 +0000 r3
Sun, 22 Sep 2019 08:07:40 +0000 r3
Sun, 22 Sep 2019 08:17:40 +0000 r3
Sun, 22 Sep 2019 08:27:40 +0000 r3
Sun, 22 Sep 2019 08:37:40 +0000 r3
Sun, 22 Sep 2019 08:47:41 +0000 r3
Sun, 22 Sep 2019 08:57:40 +0000 r3
Sun, 22 Sep 2019 09:04:53 +0000 r3
Sun, 22 Sep 2019 09:07:40 +0000 r3
Sun, 22 Sep 2019 09:17:40 +0000 r3
Sun, 22 Sep 2019 09:27:40 +0000 r3
Sun, 22 Sep 2019 09:37:40 +0000 r3
Sun, 22 Sep 2019 09:57:40 +0000 r3
Sun, 22 Sep 2019 10:07:40 +0000 r3
Sun, 22 Sep 2019 10:17:40 +0000 r3
Sun, 22 Sep 2019 10:27:40 +0000 r3
Sun, 22 Sep 2019 10:37:40 +0000 r3
Sun, 22 Sep 2019 10:47:40 +0000 r3
Sun, 22 Sep 2019 10:50:30 +0000 r3
Sun, 22 Sep 2019 11:07:40 +0000 r3
Sun, 22 Sep 2019 11:17:40 +0000 r3
Sun, 22 Sep 2019 11:27:40 +0000 r3
Sun, 22 Sep 2019 11:37:40 +0000 r3
Sun, 22 Sep 2019 11:47:40 +0000 r3
Sun, 22 Sep 2019 11:57:40 +0000 r3
Sun, 22 Sep 2019 12:07:40 +0000 r3
Sun, 22 Sep 2019 12:17:40 +0000 r3
Sun, 22 Sep 2019 12:27:40 +0000 r3
Sun, 22 Sep 2019 12:36:20 +0000 r3
Sun, 22 Sep 2019 12:37:40 +0000 r3
Sun, 22 Sep 2019 12:47:43 +0000 r3
Sun, 22 Sep 2019 12:57:40 +0000 r3
Sun, 22 Sep 2019 13:11:45 +0000 r3
Sun, 22 Sep 2019 13:17:40 +0000 r3
Sun, 22 Sep 2019 13:27:39 +0000 r3
Sun, 22 Sep 2019 13:37:40 +0000 r3
Sun, 22 Sep 2019 13:47:40 +0000 r3
Sun, 22 Sep 2019 13:57:40 +0000 r3
Sun, 22 Sep 2019 14:07:40 +0000 r3
Sun, 22 Sep 2019 14:23:40 +0000 r3
Sun, 22 Sep 2019 14:27:10 +0000 r3
Sun, 22 Sep 2019 14:27:40 +0000 r3
Sun, 22 Sep 2019 14:33:32 +0000 r3
Sun, 22 Sep 2019 14:33:46 +0000 r3
Sun, 22 Sep 2019 14:37:40 +0000 r3
Sun, 22 Sep 2019 14:47:39 +0000 r3
Sun, 22 Sep 2019 14:57:40 +0000 r3
Sun, 22 Sep 2019 15:07:38 +0000 r3
Sun, 22 Sep 2019 15:07:40 +0000 r3
Sun, 22 Sep 2019 15:17:40 +0000 r3
Sun, 22 Sep 2019 15:37:40 +0000 r3
Sun, 22 Sep 2019 15:47:40 +0000 r3
Sun, 22 Sep 2019 15:57:40 +0000 r3
Sun, 22 Sep 2019 16:07:39 +0000 r3
Sun, 22 Sep 2019 16:17:40 +0000 r3
Sun, 22 Sep 2019 16:19:56 +0000 r3
Sun, 22 Sep 2019 16:27:40 +0000 r3
Sun, 22 Sep 2019 16:47:40 +0000 r3
Sun, 22 Sep 2019 16:57:40 +0000 r3
Sun, 22 Sep 2019 17:07:41 +0000 r3
Sun, 22 Sep 2019 17:17:41 +0000 r3
Sun, 22 Sep 2019 17:27:40 +0000 r3
Sun, 22 Sep 2019 17:37:40 +0000 r3
Sun, 22 Sep 2019 17:57:40 +0000 r3
Sun, 22 Sep 2019 18:02:41 +0000 r3
Sun, 22 Sep 2019 18:07:40 +0000 r3
Sun, 22 Sep 2019 18:17:40 +0000 r3
Sun, 22 Sep 2019 18:27:41 +0000 r3
Sun, 22 Sep 2019 18:37:40 +0000 r3
Sun, 22 Sep 2019 18:43:06 +0000 r3
Sun, 22 Sep 2019 18:47:00 +0000 r3
Sun, 22 Sep 2019 18:47:40 +0000 r3
Sun, 22 Sep 2019 19:07:40 +0000 r3
Sun, 22 Sep 2019 19:12:15 +0000 r3
Sun, 22 Sep 2019 19:17:40 +0000 r3
Sun, 22 Sep 2019 19:27:40 +0000 r3
Sun, 22 Sep 2019 19:37:41 +0000 r3
Sun, 22 Sep 2019 19:47:41 +0000 r3
Sun, 22 Sep 2019 19:57:31 +0000 r3
Sun, 22 Sep 2019 19:57:40 +0000 r3
Sun, 22 Sep 2019 20:17:41 +0000 r3
Sun, 22 Sep 2019 20:27:40 +0000 r3
Sun, 22 Sep 2019 20:37:40 +0000 r3
Sun, 22 Sep 2019 20:45:03 +0000 r3
Sun, 22 Sep 2019 20:47:40 +0000 r3
Sun, 22 Sep 2019 20:56:52 +0000 r3
Sun, 22 Sep 2019 20:57:40 +0000 r3
Sun, 22 Sep 2019 21:07:41 +0000 r3
Sun, 22 Sep 2019 21:27:41 +0000 r3
Sun, 22 Sep 2019 21:37:41 +0000 r3
Sun, 22 Sep 2019 21:47:40 +0000 r3
Sun, 22 Sep 2019 21:57:40 +0000 r3
Sun, 22 Sep 2019 22:07:40 +0000 r3
Sun, 22 Sep 2019 22:17:40 +0000 r3
Sun, 22 Sep 2019 22:25:54 +0000 r3
Sun, 22 Sep 2019 22:27:41 +0000 r3
Sun, 22 Sep 2019 22:31:25 +0000 r3
Sun, 22 Sep 2019 22:37:40 +0000 r3
Sun, 22 Sep 2019 22:47:40 +0000 r3
Sun, 22 Sep 2019 22:57:40 +0000 r3
Sun, 22 Sep 2019 23:07:40 +0000 r3
Sun, 22 Sep 2019 23:17:40 +0000 r3
Sun, 22 Sep 2019 23:18:30 +0000 r3
Sun, 22 Sep 2019 23:18:59 +0000 r3
Sun, 22 Sep 2019 23:21:31 +0000 r3
Sun, 22 Sep 2019 23:37:40 +0000 r3
Sun, 22 Sep 2019 23:47:41 +0000 r3
Sun, 22 Sep 2019 23:57:40 +0000 r3
Mon, 23 Sep 2019 00:07:40 +0000 r3
Mon, 23 Sep 2019 00:17:40 +0000 r3
Mon, 23 Sep 2019 00:27:40 +0000 r3
Mon, 23 Sep 2019 00:30:52 +0000 r3
Mon, 23 Sep 2019 00:47:40 +0000 r3
Mon, 23 Sep 2019 00:57:40 +0000 r3
Mon, 23 Sep 2019 01:07:40 +0000 r3
Mon, 23 Sep 2019 01:17:40 +0000 r3
Mon, 23 Sep 2019 01:27:40 +0000 r3
Mon, 23 Sep 2019 01:37:40 +0000 r3
Mon, 23 Sep 2019 01:57:40 +0000 r3
Mon, 23 Sep 2019 02:07:40 +0000 r3
Mon, 23 Sep 2019 02:17:40 +0000 r3
Mon, 23 Sep 2019 02:27:41 +0000 r3
Mon, 23 Sep 2019 02:33:44 +0000 r3
Mon, 23 Sep 2019 02:33:48 +0000 r3
Mon, 23 Sep 2019 02:37:41 +0000 r3
Mon, 23 Sep 2019 02:47:40 +0000 r3
Mon, 23 Sep 2019 03:07:40 +0000 r3
Mon, 23 Sep 2019 03:17:40 +0000 r3
Mon, 23 Sep 2019 03:27:40 +0000 r3
Mon, 23 Sep 2019 03:37:40 +0000 r3
Mon, 23 Sep 2019 03:47:40 +0000 r3
Mon, 23 Sep 2019 03:57:40 +0000 r3
Mon, 23 Sep 2019 04:17:40 +0000 r3
Mon, 23 Sep 2019 04:27:40 +0000 r3
Mon, 23 Sep 2019 04:37:40 +0000 r3
Mon, 23 Sep 2019 04:47:40 +0000 r3
Mon, 23 Sep 2019 04:57:42 +0000 r3
Mon, 23 Sep 2019 05:07:40 +0000 r3
Mon, 23 Sep 2019 05:27:39 +0000 r3
Mon, 23 Sep 2019 05:35:54 +0000 r3
Mon, 23 Sep 2019 05:37:40 +0000 r3
Mon, 23 Sep 2019 05:47:40 +0000 r3
Mon, 23 Sep 2019 05:57:40 +0000 r3
Mon, 23 Sep 2019 06:07:40 +0000 r3
Mon, 23 Sep 2019 06:17:40 +0000 r3
Mon, 23 Sep 2019 06:37:40 +0000 r3
Mon, 23 Sep 2019 06:47:39 +0000 r3
Mon, 23 Sep 2019 06:57:40 +0000 r3
Mon, 23 Sep 2019 07:05:46 +0000 r3
Mon, 23 Sep 2019 07:07:40 +0000 r3
Mon, 23 Sep 2019 07:17:40 +0000 r3
Mon, 23 Sep 2019 07:27:40 +0000 r3
Mon, 23 Sep 2019 07:47:40 +0000 r3
Mon, 23 Sep 2019 07:57:40 +0000 r3
Mon, 23 Sep 2019 08:07:39 +0000 r3
Mon, 23 Sep 2019 08:17:40 +0000 r3
Mon, 23 Sep 2019 08:26:04 +0000 r3
Mon, 23 Sep 2019 08:27:40 +0000 r3
Mon, 23 Sep 2019 08:37:40 +0000 r3
Mon, 23 Sep 2019 08:41:51 +0000 r3
Mon, 23 Sep 2019 08:57:40 +0000 r3
Mon, 23 Sep 2019 09:07:40 +0000 r3
Mon, 23 Sep 2019 09:17:39 +0000 r3
Mon, 23 Sep 2019 09:27:40 +0000 r3
Mon, 23 Sep 2019 09:37:40 +0000 r3
Mon, 23 Sep 2019 09:47:40 +0000 r3
Mon, 23 Sep 2019 10:07:40 +0000 r3
Mon, 23 Sep 2019 10:17:40 +0000 r3
Mon, 23 Sep 2019 10:27:40 +0000 r3
Mon, 23 Sep 2019 10:37:39 +0000 r3
Mon, 23 Sep 2019 10:47:40 +0000 r3
Mon, 23 Sep 2019 10:57:40 +0000 r3
Mon, 23 Sep 2019 11:17:40 +0000 r3
Mon, 23 Sep 2019 11:27:40 +0000 r3
Mon, 23 Sep 2019 11:37:40 +0000 r3
Mon, 23 Sep 2019 11:47:40 +0000 r3
Mon, 23 Sep 2019 11:57:39 +0000 r3
Mon, 23 Sep 2019 12:07:39 +0000 r3
Mon, 23 Sep 2019 12:27:39 +0000 r3
Mon, 23 Sep 2019 12:37:40 +0000 r3
Mon, 23 Sep 2019 12:47:40 +0000 r3
Mon, 23 Sep 2019 12:57:40 +0000 r3
Mon, 23 Sep 2019 13:07:40 +0000 r3
Mon, 23 Sep 2019 13:10:15 +0000 r3
Mon, 23 Sep 2019 13:17:39 +0000 r3
Mon, 23 Sep 2019 13:37:40 +0000 r3
Mon, 23 Sep 2019 13:47:39 +0000 r3
Mon, 23 Sep 2019 13:57:39 +0000 r3
Mon, 23 Sep 2019 14:07:40 +0000 r3
Mon, 23 Sep 2019 14:17:40 +0000 r3
Mon, 23 Sep 2019 14:27:40 +0000 r3
Mon, 23 Sep 2019 14:47:39 +0000 r3
Mon, 23 Sep 2019 14:57:40 +0000 r3
Mon, 23 Sep 2019 15:07:40 +0000 r3
Mon, 23 Sep 2019 15:17:40 +0000 r3
Mon, 23 Sep 2019 15:27:40 +0000 r3
Mon, 23 Sep 2019 15:37:40 +0000 r3
Mon, 23 Sep 2019 15:57:40 +0000 r3
Mon, 23 Sep 2019 16:07:40 +0000 r3
Mon, 23 Sep 2019 16:17:40 +0000 r3
Mon, 23 Sep 2019 16:19:24 +0000 r3
Mon, 23 Sep 2019 16:27:39 +0000 r3
Mon, 23 Sep 2019 16:37:40 +0000 r3
Mon, 23 Sep 2019 16:47:40 +0000 r3
Mon, 23 Sep 2019 16:57:41 +0000 r3
Mon, 23 Sep 2019 17:07:40 +0000 r3
Mon, 23 Sep 2019 17:17:40 +0000 r3
Mon, 23 Sep 2019 17:27:40 +0000 r3
Mon, 23 Sep 2019 17:37:40 +0000 r3
Mon, 23 Sep 2019 17:47:40 +0000 r3
Mon, 23 Sep 2019 18:07:40 +0000 r3
Mon, 23 Sep 2019 18:17:41 +0000 r3
Mon, 23 Sep 2019 18:27:40 +0000 r3
Mon, 23 Sep 2019 18:37:40 +0000 r3
Mon, 23 Sep 2019 18:45:05 +0000 r3
Mon, 23 Sep 2019 18:47:40 +0000 r3
Mon, 23 Sep 2019 18:57:40 +0000 r3
Mon, 23 Sep 2019 19:17:40 +0000 r3
Mon, 23 Sep 2019 19:27:40 +0000 r3
Mon, 23 Sep 2019 19:37:40 +0000 r3
Mon, 23 Sep 2019 19:47:40 +0000 r3
Mon, 23 Sep 2019 19:57:40 +0000 r3
Mon, 23 Sep 2019 20:07:40 +0000 r3
Mon, 23 Sep 2019 20:17:40 +0000 r3
Mon, 23 Sep 2019 20:27:40 +0000 r3
Mon, 23 Sep 2019 20:36:39 +0000 r3
Mon, 23 Sep 2019 20:36:39 +0000 r3
Mon, 23 Sep 2019 20:37:41 +0000 r3
Mon, 23 Sep 2019 20:47:40 +0000 r3
Mon, 23 Sep 2019 20:57:40 +0000 r3
Mon, 23 Sep 2019 21:07:40 +0000 r3
Mon, 23 Sep 2019 21:27:40 +0000 r3
Mon, 23 Sep 2019 21:37:40 +0000 r3
Mon, 23 Sep 2019 21:47:40 +0000 r3
Mon, 23 Sep 2019 21:57:40 +0000 r3
Mon, 23 Sep 2019 22:07:40 +0000 r3
Mon, 23 Sep 2019 22:17:40 +0000 r3
Mon, 23 Sep 2019 22:37:40 +0000 r3
Mon, 23 Sep 2019 22:47:40 +0000 r3
Mon, 23 Sep 2019 22:57:40 +0000 r3
Mon, 23 Sep 2019 23:07:40 +0000 r3
Mon, 23 Sep 2019 23:17:40 +0000 r3
Mon, 23 Sep 2019 23:27:40 +0000 r3
Mon, 23 Sep 2019 23:46:29 +0000 r3
Mon, 23 Sep 2019 23:47:40 +0000 r3
Mon, 23 Sep 2019 23:57:40 +0000 r3
Tue, 24 Sep 2019 00:07:40 +0000 r3
Tue, 24 Sep 2019 00:17:40 +0000 r3
Tue, 24 Sep 2019 00:24:24 +0000 r3
Tue, 24 Sep 2019 00:24:32 +0000 r3
Tue, 24 Sep 2019 00:24:35 +0000 r3
Tue, 24 Sep 2019 00:27:40 +0000 r3
Tue, 24 Sep 2019 00:37:40 +0000 r3
Tue, 24 Sep 2019 00:57:40 +0000 r3
Tue, 24 Sep 2019 01:07:40 +0000 r3
Tue, 24 Sep 2019 01:17:40 +0000 r3
Tue, 24 Sep 2019 01:27:40 +0000 r3
Tue, 24 Sep 2019 01:37:40 +0000 r3
Tue, 24 Sep 2019 01:47:40 +0000 r3
Tue, 24 Sep 2019 02:07:40 +0000 r3
Tue, 24 Sep 2019 02:17:40 +0000 r3
Tue, 24 Sep 2019 02:27:42 +0000 r3
Tue, 24 Sep 2019 02:28:42 +0000 r3
Tue, 24 Sep 2019 02:37:40 +0000 r3
Tue, 24 Sep 2019 02:47:40 +0000 r3
Tue, 24 Sep 2019 02:57:40 +0000 r3
Tue, 24 Sep 2019 03:17:40 +0000 r3
Tue, 24 Sep 2019 03:27:40 +0000 r3
Tue, 24 Sep 2019 03:37:40 +0000 r3
Tue, 24 Sep 2019 03:47:39 +0000 r3
Tue, 24 Sep 2019 03:48:41 +0000 r3
Tue, 24 Sep 2019 03:50:20 +0000 r3
Tue, 24 Sep 2019 03:57:40 +0000 r3
Tue, 24 Sep 2019 04:01:30 +0000 r3
Tue, 24 Sep 2019 04:07:40 +0000 r3
Tue, 24 Sep 2019 04:27:40 +0000 r3
Tue, 24 Sep 2019 04:37:40 +0000 r3
Tue, 24 Sep 2019 04:47:40 +0000 r3
Tue, 24 Sep 2019 04:57:40 +0000 r3
Tue, 24 Sep 2019 05:07:39 +0000 r3
Tue, 24 Sep 2019 05:17:40 +0000 r3
Tue, 24 Sep 2019 05:37:39 +0000 r3
Tue, 24 Sep 2019 05:47:40 +0000 r3
Tue, 24 Sep 2019 05:57:40 +0000 r3
Tue, 24 Sep 2019 06:07:40 +0000 r3
Tue, 24 Sep 2019 06:17:40 +0000 r3
Tue, 24 Sep 2019 06:27:39 +0000 r3
Tue, 24 Sep 2019 06:41:08 +0000 r3
Tue, 24 Sep 2019 06:47:40 +0000 r3
Tue, 24 Sep 2019 06:57:39 +0000 r3
Tue, 24 Sep 2019 07:07:40 +0000 r3
Tue, 24 Sep 2019 07:09:50 +0000 r3
Tue, 24 Sep 2019 07:17:40 +0000 r3
Tue, 24 Sep 2019 07:27:40 +0000 r3
Tue, 24 Sep 2019 07:37:40 +0000 r3
Tue, 24 Sep 2019 07:47:39 +0000 r3
Tue, 24 Sep 2019 07:57:39 +0000 r3
Tue, 24 Sep 2019 08:07:40 +0000 r3
Tue, 24 Sep 2019 08:13:51 +0000 r3
Tue, 24 Sep 2019 08:17:40 +0000 r3
Tue, 24 Sep 2019 08:27:40 +0000 r3
Tue, 24 Sep 2019 08:37:39 +0000 r3
Tue, 24 Sep 2019 08:57:40 +0000 r3
Tue, 24 Sep 2019 09:07:39 +0000 r3
Tue, 24 Sep 2019 09:17:39 +0000 r3
Tue, 24 Sep 2019 09:27:40 +0000 r3
Tue, 24 Sep 2019 09:37:40 +0000 r3
Tue, 24 Sep 2019 09:47:40 +0000 r3
Tue, 24 Sep 2019 10:04:35 +0000 r3
Tue, 24 Sep 2019 10:05:30 +0000 r3
Tue, 24 Sep 2019 10:07:40 +0000 r3
Tue, 24 Sep 2019 10:17:40 +0000 r3
Tue, 24 Sep 2019 10:27:39 +0000 r3
Tue, 24 Sep 2019 10:37:39 +0000 r3
Tue, 24 Sep 2019 10:47:40 +0000 r3
Tue, 24 Sep 2019 10:57:40 +0000 r3
Tue, 24 Sep 2019 11:17:40 +0000 r3
Tue, 24 Sep 2019 11:27:40 +0000 r3
Tue, 24 Sep 2019 11:37:40 +0000 r3
Tue, 24 Sep 2019 11:47:39 +0000 r3
Tue, 24 Sep 2019 11:57:39 +0000 r3
Tue, 24 Sep 2019 12:07:39 +0000 r3
Tue, 24 Sep 2019 12:27:39 +0000 r3
Tue, 24 Sep 2019 12:37:40 +0000 r3
Tue, 24 Sep 2019 12:47:40 +0000 r3
Tue, 24 Sep 2019 12:57:40 +0000 r3
Tue, 24 Sep 2019 13:07:39 +0000 r3
Tue, 24 Sep 2019 13:17:39 +0000 r3
Tue, 24 Sep 2019 13:37:39 +0000 r3
Tue, 24 Sep 2019 13:39:53 +0000 r3
Tue, 24 Sep 2019 13:47:39 +0000 r3
Tue, 24 Sep 2019 13:57:39 +0000 r3
Tue, 24 Sep 2019 14:07:40 +0000 r3
Tue, 24 Sep 2019 14:11:32 +0000 r3
Tue, 24 Sep 2019 14:17:40 +0000 r3
Tue, 24 Sep 2019 14:27:39 +0000 r3
Tue, 24 Sep 2019 14:47:40 +0000 r3
Tue, 24 Sep 2019 14:57:39 +0000 r3
Tue, 24 Sep 2019 15:07:39 +0000 r3
Tue, 24 Sep 2019 15:17:39 +0000 r3
Tue, 24 Sep 2019 15:27:40 +0000 r3
Tue, 24 Sep 2019 15:37:40 +0000 r3
Tue, 24 Sep 2019 15:57:40 +0000 r3
Tue, 24 Sep 2019 16:07:40 +0000 r3
Tue, 24 Sep 2019 16:17:39 +0000 r3
Tue, 24 Sep 2019 16:27:39 +0000 r3
Tue, 24 Sep 2019 16:37:39 +0000 r3
Tue, 24 Sep 2019 16:47:41 +0000 r3
Tue, 24 Sep 2019 16:58:00 +0000 r3
Tue, 24 Sep 2019 17:07:41 +0000 r3
Tue, 24 Sep 2019 17:17:41 +0000 r3
Tue, 24 Sep 2019 17:27:41 +0000 r3
Tue, 24 Sep 2019 17:37:41 +0000 r3
Tue, 24 Sep 2019 17:47:41 +0000 r3
Tue, 24 Sep 2019 17:57:41 +0000 r3
Tue, 24 Sep 2019 18:17:41 +0000 r3
Tue, 24 Sep 2019 18:27:41 +0000 r3
Tue, 24 Sep 2019 18:37:41 +0000 r3
Tue, 24 Sep 2019 18:47:41 +0000 r3
Tue, 24 Sep 2019 18:57:04 +0000 r3
Tue, 24 Sep 2019 18:57:40 +0000 r3
Tue, 24 Sep 2019 19:07:18 +0000 r3
Tue, 24 Sep 2019 19:07:41 +0000 r3
Tue, 24 Sep 2019 19:09:12 +0000 r3
Tue, 24 Sep 2019 19:27:40 +0000 r3
Tue, 24 Sep 2019 19:37:41 +0000 r3
Tue, 24 Sep 2019 19:47:41 +0000 r3
Tue, 24 Sep 2019 19:57:41 +0000 r3
Tue, 24 Sep 2019 20:07:41 +0000 r3
Tue, 24 Sep 2019 20:17:40 +0000 r3
Tue, 24 Sep 2019 20:37:41 +0000 r3
Tue, 24 Sep 2019 20:47:40 +0000 r3
Tue, 24 Sep 2019 20:57:41 +0000 r3
Tue, 24 Sep 2019 21:00:30 +0000 r3
Tue, 24 Sep 2019 21:00:35 +0000 r3
Tue, 24 Sep 2019 21:00:35 +0000 r3
Tue, 24 Sep 2019 21:07:41 +0000 r3
Tue, 24 Sep 2019 21:15:11 +0000 r3
Tue, 24 Sep 2019 21:15:15 +0000 r3
Tue, 24 Sep 2019 21:17:41 +0000 r3
Tue, 24 Sep 2019 21:25:23 +0000 r3
Tue, 24 Sep 2019 21:27:41 +0000 r3
Tue, 24 Sep 2019 21:47:41 +0000 r3
Tue, 24 Sep 2019 21:57:41 +0000 r3
Tue, 24 Sep 2019 22:07:40 +0000 r3
Tue, 24 Sep 2019 22:17:41 +0000 r3
Tue, 24 Sep 2019 22:27:41 +0000 r3
Tue, 24 Sep 2019 22:37:41 +0000 r3
Tue, 24 Sep 2019 22:57:41 +0000 r3
Tue, 24 Sep 2019 23:07:41 +0000 r3
Tue, 24 Sep 2019 23:17:41 +0000 r3
Tue, 24 Sep 2019 23:27:40 +0000 r3
Tue, 24 Sep 2019 23:37:40 +0000 r3
Tue, 24 Sep 2019 23:47:41 +0000 r3
Wed, 25 Sep 2019 00:07:41 +0000 r3
Wed, 25 Sep 2019 00:17:41 +0000 r3
Wed, 25 Sep 2019 00:27:41 +0000 r3
Wed, 25 Sep 2019 00:37:41 +0000 r3
Wed, 25 Sep 2019 00:47:40 +0000 r3
Wed, 25 Sep 2019 00:57:40 +0000 r3
Wed, 25 Sep 2019 01:10:51 +0000 r3
Wed, 25 Sep 2019 01:17:40 +0000 r3
Wed, 25 Sep 2019 01:27:40 +0000 r3
Wed, 25 Sep 2019 01:37:41 +0000 r3
Wed, 25 Sep 2019 01:47:41 +0000 r3
Wed, 25 Sep 2019 01:57:41 +0000 r3
Wed, 25 Sep 2019 02:07:40 +0000 r3
Thu, 26 Sep 2019 04:23:43 +0000 r3
Thu, 26 Sep 2019 04:34:16 +0000 r3
Thu, 26 Sep 2019 04:34:16 +0000 r3
Thu, 26 Sep 2019 04:34:19 +0000 r3
Thu, 26 Sep 2019 04:34:20 +0000 r3
Thu, 26 Sep 2019 04:37:05 +0000 r3
Thu, 26 Sep 2019 04:37:06 +0000 r3
Thu, 26 Sep 2019 04:37:07 +0000 r3
Thu, 26 Sep 2019 04:37:21 +0000 r3
Thu, 26 Sep 2019 04:42:43 +0000 r3
Thu, 26 Sep 2019 04:42:56 +0000 r3
Thu, 26 Sep 2019 04:43:07 +0000 r3
Thu, 26 Sep 2019 04:43:11 +0000 r3
Thu, 26 Sep 2019 05:24:58 +0000 r3
Thu, 26 Sep 2019 05:25:02 +0000 r3
Thu, 26 Sep 2019 05:25:04 +0000 r3
Thu, 26 Sep 2019 05:25:11 +0000 r3
Thu, 26 Sep 2019 05:25:12 +0000 r3
Thu, 26 Sep 2019 05:25:13 +0000 r3
Thu, 26 Sep 2019 05:35:09 +0000 r3
Thu, 26 Sep 2019 05:35:21 +0000 r3
Thu, 26 Sep 2019 05:35:30 +0000 r3
Thu, 26 Sep 2019 05:35:33 +0000 r3
Thu, 26 Sep 2019 05:35:44 +0000 r3
Thu, 26 Sep 2019 05:35:48 +0000 r3
Thu, 26 Sep 2019 05:35:48 +0000 r3
Thu, 26 Sep 2019 05:35:59 +0000 r3
Thu, 26 Sep 2019 05:50:01 +0000 r3
Thu, 26 Sep 2019 06:26:14 +0000 r3
Thu, 26 Sep 2019 06:27:38 +0000 r3
Thu, 26 Sep 2019 06:27:45 +0000 r3
Thu, 26 Sep 2019 06:28:03 +0000 r3
Thu, 26 Sep 2019 06:28:03 +0000 r3
Thu, 26 Sep 2019 06:28:06 +0000 r3
Thu, 26 Sep 2019 06:28:06 +0000 r3
Thu, 26 Sep 2019 06:29:07 +0000 r3
Thu, 26 Sep 2019 06:29:10 +0000 r3
Thu, 26 Sep 2019 06:29:28 +0000 r3
Thu, 26 Sep 2019 06:29:32 +0000 r3
Thu, 26 Sep 2019 06:30:00 +0000 r3
Thu, 26 Sep 2019 06:33:07 +0000 r3
Thu, 26 Sep 2019 06:34:51 +0000 r3
Thu, 26 Sep 2019 06:42:39 +0000 r3
Thu, 26 Sep 2019 06:42:39 +0000 r3
Thu, 26 Sep 2019 06:42:42 +0000 r3
Thu, 26 Sep 2019 06:42:43 +0000 r3
Thu, 26 Sep 2019 07:06:52 +0000 r3
Thu, 26 Sep 2019 07:07:03 +0000 r3
Thu, 26 Sep 2019 07:07:03 +0000 r3
Thu, 26 Sep 2019 07:07:54 +0000 r3
Thu, 26 Sep 2019 07:07:54 +0000 r3
Thu, 26 Sep 2019 07:08:05 +0000 r3
Thu, 26 Sep 2019 07:08:05 +0000 r3
Thu, 26 Sep 2019 07:12:48 +0000 r3
Thu, 26 Sep 2019 07:12:48 +0000 r3
Thu, 26 Sep 2019 07:19:33 +0000 r3
Thu, 26 Sep 2019 07:19:33 +0000 r3
Thu, 26 Sep 2019 07:28:21 +0000 r3
Thu, 26 Sep 2019 07:28:21 +0000 r3
Thu, 26 Sep 2019 07:29:05 +0000 r3
Thu, 26 Sep 2019 07:29:16 +0000 r3
Thu, 26 Sep 2019 07:29:28 +0000 r3
Thu, 26 Sep 2019 07:29:34 +0000 r3
Thu, 26 Sep 2019 07:29:42 +0000 r3
Thu, 26 Sep 2019 07:29:43 +0000 r3
Thu, 26 Sep 2019 07:29:47 +0000 r3
Thu, 26 Sep 2019 07:29:49 +0000 r3
Thu, 26 Sep 2019 07:29:51 +0000 r3
Thu, 26 Sep 2019 07:29:54 +0000 r3
Thu, 26 Sep 2019 07:29:55 +0000 r3
Thu, 26 Sep 2019 07:30:02 +0000 r3
Thu, 26 Sep 2019 07:31:02 +0000 r3
Thu, 26 Sep 2019 07:31:02 +0000 r3
Thu, 26 Sep 2019 07:31:18 +0000 r3
Thu, 26 Sep 2019 07:31:34 +0000 r3
Thu, 26 Sep 2019 07:32:15 +0000 r3
Thu, 26 Sep 2019 07:32:16 +0000 r3
Thu, 26 Sep 2019 07:32:20 +0000 r3
Thu, 26 Sep 2019 07:32:31 +0000 r3
Thu, 26 Sep 2019 07:32:31 +0000 r3
Thu, 26 Sep 2019 07:32:35 +0000 r3
Thu, 26 Sep 2019 07:32:42 +0000 r3
Thu, 26 Sep 2019 07:32:42 +0000 r3
Thu, 26 Sep 2019 07:34:55 +0000 r3
Thu, 26 Sep 2019 07:34:55 +0000 r3
Thu, 26 Sep 2019 07:34:55 +0000 r3
Thu, 26 Sep 2019 07:34:55 +0000 r3
Thu, 26 Sep 2019 07:34:55 +0000 r3
Thu, 26 Sep 2019 07:34:55 +0000 r3
Thu, 26 Sep 2019 07:34:55 +0000 r3
Thu, 26 Sep 2019 07:34:55 +0000 r3
Thu, 26 Sep 2019 07:34:55 +0000 r3
Thu, 26 Sep 2019 07:34:55 +0000 r3
Thu, 26 Sep 2019 07:34:55 +0000 r3
Thu, 26 Sep 2019 07:34:55 +0000 r3
Thu, 26 Sep 2019 07:34:55 +0000 r3
Thu, 26 Sep 2019 07:34:55 +0000 r3
Thu, 26 Sep 2019 07:34:55 +0000 r3
Thu, 26 Sep 2019 07:34:55 +0000 r3
Thu, 26 Sep 2019 07:34:55 +0000 r3
Thu, 26 Sep 2019 07:34:55 +0000 r3
Thu, 26 Sep 2019 07:34:58 +0000 r3
Thu, 26 Sep 2019 07:34:58 +0000 r3
Thu, 26 Sep 2019 07:34:58 +0000 r3
Thu, 26 Sep 2019 07:34:58 +0000 r3
Thu, 26 Sep 2019 07:34:58 +0000 r3
Thu, 26 Sep 2019 07:34:58 +0000 r3
Thu, 26 Sep 2019 07:34:58 +0000 r3
Thu, 26 Sep 2019 07:34:58 +0000 r3
Thu, 26 Sep 2019 07:34:58 +0000 r3
Thu, 26 Sep 2019 07:34:58 +0000 r3
Thu, 26 Sep 2019 07:34:58 +0000 r3
Thu, 26 Sep 2019 07:34:58 +0000 r3
Thu, 26 Sep 2019 07:34:58 +0000 r3
Thu, 26 Sep 2019 07:34:58 +0000 r3
Thu, 26 Sep 2019 07:34:58 +0000 r3
Thu, 26 Sep 2019 07:34:58 +0000 r3
Thu, 26 Sep 2019 07:34:59 +0000 r3
Thu, 26 Sep 2019 07:34:59 +0000 r3
Thu, 26 Sep 2019 07:34:59 +0000 r3
Thu, 26 Sep 2019 07:34:59 +0000 r3
Thu, 26 Sep 2019 07:34:59 +0000 r3
Thu, 26 Sep 2019 07:35:34 +0000 r3
Thu, 26 Sep 2019 07:35:34 +0000 r3
Thu, 26 Sep 2019 07:35:34 +0000 r3
Thu, 26 Sep 2019 07:35:34 +0000 r3
Thu, 26 Sep 2019 07:35:34 +0000 r3
Thu, 26 Sep 2019 07:35:34 +0000 r3
Thu, 26 Sep 2019 07:35:34 +0000 r3
Thu, 26 Sep 2019 07:35:34 +0000 r3
Thu, 26 Sep 2019 07:35:34 +0000 r3
Thu, 26 Sep 2019 07:35:34 +0000 r3
Thu, 26 Sep 2019 07:35:34 +0000 r3
Thu, 26 Sep 2019 07:35:34 +0000 r3
Thu, 26 Sep 2019 07:35:35 +0000 r3
Thu, 26 Sep 2019 07:35:35 +0000 r3
Thu, 26 Sep 2019 07:35:35 +0000 r3
Thu, 26 Sep 2019 07:35:35 +0000 r3
Thu, 26 Sep 2019 07:35:35 +0000 r3
Thu, 26 Sep 2019 07:35:35 +0000 r3
Thu, 26 Sep 2019 07:35:35 +0000 r3
Thu, 26 Sep 2019 07:35:35 +0000 r3
Thu, 26 Sep 2019 07:35:35 +0000 r3
Thu, 26 Sep 2019 07:37:15 +0000 r3
Thu, 26 Sep 2019 07:37:15 +0000 r3
Thu, 26 Sep 2019 07:37:16 +0000 r3
Thu, 26 Sep 2019 07:37:16 +0000 r3
Thu, 26 Sep 2019 07:37:16 +0000 r3
Thu, 26 Sep 2019 07:37:16 +0000 r3
Thu, 26 Sep 2019 07:37:16 +0000 r3
Thu, 26 Sep 2019 07:37:16 +0000 r3
Thu, 26 Sep 2019 07:37:16 +0000 r3
Thu, 26 Sep 2019 07:37:16 +0000 r3
Thu, 26 Sep 2019 07:37:16 +0000 r3
Thu, 26 Sep 2019 07:37:16 +0000 r3
Thu, 26 Sep 2019 07:37:16 +0000 r3
Thu, 26 Sep 2019 07:37:16 +0000 r3
Thu, 26 Sep 2019 07:37:16 +0000 r3
Thu, 26 Sep 2019 07:37:16 +0000 r3
Thu, 26 Sep 2019 07:37:17 +0000 r3
Thu, 26 Sep 2019 07:37:17 +0000 r3
Thu, 26 Sep 2019 07:37:17 +0000 r3
Thu, 26 Sep 2019 07:38:43 +0000 r3
Thu, 26 Sep 2019 07:38:43 +0000 r3
Thu, 26 Sep 2019 07:38:43 +0000 r3
Thu, 26 Sep 2019 07:38:43 +0000 r3
Thu, 26 Sep 2019 07:38:43 +0000 r3
Thu, 26 Sep 2019 07:38:43 +0000 r3
Thu, 26 Sep 2019 07:38:44 +0000 r3
Thu, 26 Sep 2019 07:38:44 +0000 r3
Thu, 26 Sep 2019 07:38:44 +0000 r3
Thu, 26 Sep 2019 07:38:44 +0000 r3
Thu, 26 Sep 2019 07:38:44 +0000 r3
Thu, 26 Sep 2019 07:38:44 +0000 r3
Thu, 26 Sep 2019 07:38:44 +0000 r3
Thu, 26 Sep 2019 07:38:44 +0000 r3
Thu, 26 Sep 2019 07:38:44 +0000 r3
Thu, 26 Sep 2019 07:38:44 +0000 r3
Thu, 26 Sep 2019 07:38:44 +0000 r3
Thu, 26 Sep 2019 07:38:44 +0000 r3
Thu, 26 Sep 2019 07:38:45 +0000 r3
Thu, 26 Sep 2019 07:38:45 +0000 r3
Thu, 26 Sep 2019 07:38:45 +0000 r3
Thu, 26 Sep 2019 07:38:47 +0000 r3
Thu, 26 Sep 2019 07:38:47 +0000 r3
Thu, 26 Sep 2019 07:38:47 +0000 r3
Thu, 26 Sep 2019 07:38:47 +0000 r3
Thu, 26 Sep 2019 07:38:47 +0000 r3
Thu, 26 Sep 2019 07:38:47 +0000 r3
Thu, 26 Sep 2019 07:38:47 +0000 r3
Thu, 26 Sep 2019 07:38:47 +0000 r3
Thu, 26 Sep 2019 07:38:48 +0000 r3
Thu, 26 Sep 2019 07:38:48 +0000 r3
Thu, 26 Sep 2019 07:38:48 +0000 r3
Thu, 26 Sep 2019 07:38:48 +0000 r3
Thu, 26 Sep 2019 07:38:48 +0000 r3
Thu, 26 Sep 2019 07:38:48 +0000 r3
Thu, 26 Sep 2019 07:38:48 +0000 r3
Thu, 26 Sep 2019 07:38:48 +0000 r3
Thu, 26 Sep 2019 07:38:48 +0000 r3
Thu, 26 Sep 2019 07:38:48 +0000 r3
Thu, 26 Sep 2019 07:38:48 +0000 r3
Thu, 26 Sep 2019 07:38:48 +0000 r3
Thu, 26 Sep 2019 07:38:48 +0000 r3
Thu, 26 Sep 2019 07:39:46 +0000 r3
Thu, 26 Sep 2019 07:39:46 +0000 r3
Thu, 26 Sep 2019 07:39:46 +0000 r3
Thu, 26 Sep 2019 07:39:46 +0000 r3
Thu, 26 Sep 2019 07:39:46 +0000 r3
Thu, 26 Sep 2019 07:39:46 +0000 r3
Thu, 26 Sep 2019 07:39:46 +0000 r3
Thu, 26 Sep 2019 07:39:46 +0000 r3
Thu, 26 Sep 2019 07:39:46 +0000 r3
Thu, 26 Sep 2019 07:39:47 +0000 r3
Thu, 26 Sep 2019 07:39:47 +0000 r3
Thu, 26 Sep 2019 07:39:47 +0000 r3
Thu, 26 Sep 2019 07:39:47 +0000 r3
Thu, 26 Sep 2019 07:39:47 +0000 r3
Thu, 26 Sep 2019 07:39:47 +0000 r3
Thu, 26 Sep 2019 07:39:47 +0000 r3
Thu, 26 Sep 2019 07:39:47 +0000 r3
Thu, 26 Sep 2019 07:39:47 +0000 r3
Thu, 26 Sep 2019 07:39:47 +0000 r3
Thu, 26 Sep 2019 07:43:35 +0000 r3
Thu, 26 Sep 2019 07:43:38 +0000 r3
Thu, 26 Sep 2019 07:43:39 +0000 r3
Thu, 26 Sep 2019 07:43:42 +0000 r3
Thu, 26 Sep 2019 08:13:28 +0000 r3
Thu, 26 Sep 2019 08:33:51 +0000 r3
Thu, 26 Sep 2019 08:34:07 +0000 r3
Thu, 26 Sep 2019 09:17:16 +0000 r3
Thu, 26 Sep 2019 09:18:09 +0000 r3
Thu, 26 Sep 2019 09:30:23 +0000 r3
Thu, 26 Sep 2019 09:30:47 +0000 r3
Thu, 26 Sep 2019 09:30:50 +0000 r3
Thu, 26 Sep 2019 09:36:22 +0000 r3
Thu, 26 Sep 2019 09:36:23 +0000 r3
Thu, 26 Sep 2019 09:44:14 +0000 r3
Thu, 26 Sep 2019 09:45:09 +0000 r3
Thu, 26 Sep 2019 09:46:43 +0000 r3
Thu, 26 Sep 2019 09:46:43 +0000 r3
Thu, 26 Sep 2019 09:46:46 +0000 r3
Thu, 26 Sep 2019 10:02:34 +0000 r3
Thu, 26 Sep 2019 10:02:48 +0000 r3
Thu, 26 Sep 2019 10:03:07 +0000 r3
Thu, 26 Sep 2019 10:26:18 +0000 r3
Thu, 26 Sep 2019 10:26:31 +0000 r3
Thu, 26 Sep 2019 10:26:39 +0000 r3
Thu, 26 Sep 2019 11:52:57 +0000 r3
Thu, 26 Sep 2019 12:00:15 +0000 r3
Thu, 26 Sep 2019 12:03:12 +0000 r3
Thu, 26 Sep 2019 12:04:03 +0000 r3
Fri, 19 Feb 2021 02:59:00 +0000 r3
